INFO: [VRFC 10-2263] Analyzing Verilog file "C:/Users/RisingEntropy/Documents/Projects/FPGA/SPI/SPI.sim/sim_1/synth/timing/xsim/FrequencyScanner_tb_time_synth.v" into library xil_defaultlib
INFO: [VRFC 10-311] analyzing module dbg_hub_CV
INFO: [VRFC 10-311] analyzing module FrequencyScanner
INFO: [VRFC 10-311] analyzing module SPIMasterSend
INFO: [VRFC 10-311] analyzing module ila_0
INFO: [VRFC 10-311] analyzing module ila_1
INFO: [VRFC 10-311] analyzing module CFGLUT5_UNIQ_BASE_
INFO: [VRFC 10-311] analyzing module CFGLUT5_HD1
INFO: [VRFC 10-311] analyzing module CFGLUT5_HD10
INFO: [VRFC 10-311] analyzing module CFGLUT5_HD100
INFO: [VRFC 10-311] analyzing module CFGLUT5_HD101
INFO: [VRFC 10-311] analyzing module CFGLUT5_HD102
INFO: [VRFC 10-311] analyzing module CFGLUT5_HD103
INFO: [VRFC 10-311] analyzing module CFGLUT5_HD104
INFO: [VRFC 10-311] analyzing module CFGLUT5_HD105
INFO: [VRFC 10-311] analyzing module CFGLUT5_HD106
INFO: [VRFC 10-311] analyzing module CFGLUT5_HD107
INFO: [VRFC 10-311] analyzing module CFGLUT5_HD108
INFO: [VRFC 10-311] analyzing module CFGLUT5_HD109
INFO: [VRFC 10-311] analyzing module CFGLUT5_HD11
INFO: [VRFC 10-311] analyzing module CFGLUT5_HD110
INFO: [VRFC 10-311] analyzing module CFGLUT5_HD111
INFO: [VRFC 10-311] analyzing module CFGLUT5_HD12
INFO: [VRFC 10-311] analyzing module CFGLUT5_HD13
INFO: [VRFC 10-311] analyzing module CFGLUT5_HD14
INFO: [VRFC 10-311] analyzing module CFGLUT5_HD15
INFO: [VRFC 10-311] analyzing module CFGLUT5_HD16
INFO: [VRFC 10-311] analyzing module CFGLUT5_HD17
INFO: [VRFC 10-311] analyzing module CFGLUT5_HD18
INFO: [VRFC 10-311] analyzing module CFGLUT5_HD19
INFO: [VRFC 10-311] analyzing module CFGLUT5_HD2
INFO: [VRFC 10-311] analyzing module CFGLUT5_HD20
INFO: [VRFC 10-311] analyzing module CFGLUT5_HD21
INFO: [VRFC 10-311] analyzing module CFGLUT5_HD22
INFO: [VRFC 10-311] analyzing module CFGLUT5_HD23
INFO: [VRFC 10-311] analyzing module CFGLUT5_HD24
INFO: [VRFC 10-311] analyzing module CFGLUT5_HD25
INFO: [VRFC 10-311] analyzing module CFGLUT5_HD26
INFO: [VRFC 10-311] analyzing module CFGLUT5_HD27
INFO: [VRFC 10-311] analyzing module CFGLUT5_HD28
INFO: [VRFC 10-311] analyzing module CFGLUT5_HD29
INFO: [VRFC 10-311] analyzing module CFGLUT5_HD3
INFO: [VRFC 10-311] analyzing module CFGLUT5_HD30
INFO: [VRFC 10-311] analyzing module CFGLUT5_HD31
INFO: [VRFC 10-311] analyzing module CFGLUT5_HD32
INFO: [VRFC 10-311] analyzing module CFGLUT5_HD33
INFO: [VRFC 10-311] analyzing module CFGLUT5_HD34
INFO: [VRFC 10-311] analyzing module CFGLUT5_HD35
INFO: [VRFC 10-311] analyzing module CFGLUT5_HD36
INFO: [VRFC 10-311] analyzing module CFGLUT5_HD37
INFO: [VRFC 10-311] analyzing module CFGLUT5_HD38
INFO: [VRFC 10-311] analyzing module CFGLUT5_HD39
INFO: [VRFC 10-311] analyzing module CFGLUT5_HD4
INFO: [VRFC 10-311] analyzing module CFGLUT5_HD40
INFO: [VRFC 10-311] analyzing module CFGLUT5_HD41
INFO: [VRFC 10-311] analyzing module CFGLUT5_HD42
INFO: [VRFC 10-311] analyzing module CFGLUT5_HD43
INFO: [VRFC 10-311] analyzing module CFGLUT5_HD44
INFO: [VRFC 10-311] analyzing module CFGLUT5_HD45
INFO: [VRFC 10-311] analyzing module CFGLUT5_HD46
INFO: [VRFC 10-311] analyzing module CFGLUT5_HD47
INFO: [VRFC 10-311] analyzing module CFGLUT5_HD48
INFO: [VRFC 10-311] analyzing module CFGLUT5_HD49
INFO: [VRFC 10-311] analyzing module CFGLUT5_HD5
INFO: [VRFC 10-311] analyzing module CFGLUT5_HD50
INFO: [VRFC 10-311] analyzing module CFGLUT5_HD51
INFO: [VRFC 10-311] analyzing module CFGLUT5_HD52
INFO: [VRFC 10-311] analyzing module CFGLUT5_HD53
INFO: [VRFC 10-311] analyzing module CFGLUT5_HD54
INFO: [VRFC 10-311] analyzing module CFGLUT5_HD55
INFO: [VRFC 10-311] analyzing module CFGLUT5_HD56
INFO: [VRFC 10-311] analyzing module CFGLUT5_HD57
INFO: [VRFC 10-311] analyzing module CFGLUT5_HD58
INFO: [VRFC 10-311] analyzing module CFGLUT5_HD59
INFO: [VRFC 10-311] analyzing module CFGLUT5_HD6
INFO: [VRFC 10-311] analyzing module CFGLUT5_HD60
INFO: [VRFC 10-311] analyzing module CFGLUT5_HD61
INFO: [VRFC 10-311] analyzing module CFGLUT5_HD62
INFO: [VRFC 10-311] analyzing module CFGLUT5_HD63
INFO: [VRFC 10-311] analyzing module CFGLUT5_HD64
INFO: [VRFC 10-311] analyzing module CFGLUT5_HD65
INFO: [VRFC 10-311] analyzing module CFGLUT5_HD66
INFO: [VRFC 10-311] analyzing module CFGLUT5_HD67
INFO: [VRFC 10-311] analyzing module CFGLUT5_HD68
INFO: [VRFC 10-311] analyzing module CFGLUT5_HD69
INFO: [VRFC 10-311] analyzing module CFGLUT5_HD7
INFO: [VRFC 10-311] analyzing module CFGLUT5_HD70
INFO: [VRFC 10-311] analyzing module CFGLUT5_HD71
INFO: [VRFC 10-311] analyzing module CFGLUT5_HD72
INFO: [VRFC 10-311] analyzing module CFGLUT5_HD73
INFO: [VRFC 10-311] analyzing module CFGLUT5_HD74
INFO: [VRFC 10-311] analyzing module CFGLUT5_HD75
INFO: [VRFC 10-311] analyzing module CFGLUT5_HD76
INFO: [VRFC 10-311] analyzing module CFGLUT5_HD77
INFO: [VRFC 10-311] analyzing module CFGLUT5_HD78
INFO: [VRFC 10-311] analyzing module CFGLUT5_HD79
INFO: [VRFC 10-311] analyzing module CFGLUT5_HD8
INFO: [VRFC 10-311] analyzing module CFGLUT5_HD80
INFO: [VRFC 10-311] analyzing module CFGLUT5_HD81
INFO: [VRFC 10-311] analyzing module CFGLUT5_HD82
INFO: [VRFC 10-311] analyzing module CFGLUT5_HD83
INFO: [VRFC 10-311] analyzing module CFGLUT5_HD84
INFO: [VRFC 10-311] analyzing module CFGLUT5_HD85
INFO: [VRFC 10-311] analyzing module CFGLUT5_HD86
INFO: [VRFC 10-311] analyzing module CFGLUT5_HD87
INFO: [VRFC 10-311] analyzing module CFGLUT5_HD88
INFO: [VRFC 10-311] analyzing module CFGLUT5_HD89
INFO: [VRFC 10-311] analyzing module CFGLUT5_HD9
INFO: [VRFC 10-311] analyzing module CFGLUT5_HD90
INFO: [VRFC 10-311] analyzing module CFGLUT5_HD91
INFO: [VRFC 10-311] analyzing module CFGLUT5_HD92
INFO: [VRFC 10-311] analyzing module CFGLUT5_HD93
INFO: [VRFC 10-311] analyzing module CFGLUT5_HD94
INFO: [VRFC 10-311] analyzing module CFGLUT5_HD95
INFO: [VRFC 10-311] analyzing module CFGLUT5_HD96
INFO: [VRFC 10-311] analyzing module CFGLUT5_HD97
INFO: [VRFC 10-311] analyzing module CFGLUT5_HD98
INFO: [VRFC 10-311] analyzing module CFGLUT5_HD99
INFO: [VRFC 10-311] analyzing module ila_0_ila_v6_2_12_ila
INFO: [VRFC 10-311] analyzing module ila_0_ila_v6_2_12_ila_cap_addrgen
INFO: [VRFC 10-311] analyzing module ila_0_ila_v6_2_12_ila_cap_ctrl_legacy
INFO: [VRFC 10-311] analyzing module ila_0_ila_v6_2_12_ila_cap_sample_counter
INFO: [VRFC 10-311] analyzing module ila_0_ila_v6_2_12_ila_cap_window_counter
INFO: [VRFC 10-311] analyzing module ila_0_ila_v6_2_12_ila_core
INFO: [VRFC 10-311] analyzing module ila_0_ila_v6_2_12_ila_register
INFO: [VRFC 10-311] analyzing module ila_0_ila_v6_2_12_ila_reset_ctrl
INFO: [VRFC 10-311] analyzing module ila_0_ila_v6_2_12_ila_trace_memory
INFO: [VRFC 10-311] analyzing module ila_0_ila_v6_2_12_ila_trig_match
INFO: [VRFC 10-311] analyzing module ila_0_ila_v6_2_12_ila_trigger
INFO: [VRFC 10-311] analyzing module ila_1_ila_v6_2_12_ila
INFO: [VRFC 10-311] analyzing module ila_1_ila_v6_2_12_ila_cap_addrgen
INFO: [VRFC 10-311] analyzing module ila_1_ila_v6_2_12_ila_cap_ctrl_legacy
INFO: [VRFC 10-311] analyzing module ila_1_ila_v6_2_12_ila_cap_sample_counter
INFO: [VRFC 10-311] analyzing module ila_1_ila_v6_2_12_ila_cap_window_counter
INFO: [VRFC 10-311] analyzing module ila_1_ila_v6_2_12_ila_core
INFO: [VRFC 10-311] analyzing module ila_1_ila_v6_2_12_ila_register
INFO: [VRFC 10-311] analyzing module ila_1_ila_v6_2_12_ila_reset_ctrl
INFO: [VRFC 10-311] analyzing module ila_1_ila_v6_2_12_ila_trace_memory
INFO: [VRFC 10-311] analyzing module ila_1_ila_v6_2_12_ila_trig_match
INFO: [VRFC 10-311] analyzing module ila_1_ila_v6_2_12_ila_trigger
INFO: [VRFC 10-311] analyzing module ila_0_ltlib_v1_0_0_all_typeA
INFO: [VRFC 10-311] analyzing module ila_0_ltlib_v1_0_0_all_typeA_3
INFO: [VRFC 10-311] analyzing module ila_0_ltlib_v1_0_0_all_typeA_5
INFO: [VRFC 10-311] analyzing module ila_0_ltlib_v1_0_0_all_typeA__parameterized0
INFO: [VRFC 10-311] analyzing module ila_0_ltlib_v1_0_0_all_typeA__parameterized1
INFO: [VRFC 10-311] analyzing module ila_0_ltlib_v1_0_0_all_typeA__parameterized1_25
INFO: [VRFC 10-311] analyzing module ila_0_ltlib_v1_0_0_all_typeA__parameterized1_29
INFO: [VRFC 10-311] analyzing module ila_0_ltlib_v1_0_0_all_typeA_slice
INFO: [VRFC 10-311] analyzing module ila_0_ltlib_v1_0_0_all_typeA_slice_2
INFO: [VRFC 10-311] analyzing module ila_0_ltlib_v1_0_0_all_typeA_slice_4
INFO: [VRFC 10-311] analyzing module ila_0_ltlib_v1_0_0_all_typeA_slice_6
INFO: [VRFC 10-311] analyzing module ila_0_ltlib_v1_0_0_all_typeA_slice__parameterized0
INFO: [VRFC 10-311] analyzing module ila_0_ltlib_v1_0_0_all_typeA_slice__parameterized0_0
INFO: [VRFC 10-311] analyzing module ila_0_ltlib_v1_0_0_all_typeA_slice__parameterized0_1
INFO: [VRFC 10-311] analyzing module ila_0_ltlib_v1_0_0_all_typeA_slice__parameterized1
INFO: [VRFC 10-311] analyzing module ila_0_ltlib_v1_0_0_all_typeA_slice__parameterized1_26
INFO: [VRFC 10-311] analyzing module ila_0_ltlib_v1_0_0_all_typeA_slice__parameterized1_30
INFO: [VRFC 10-311] analyzing module ila_0_ltlib_v1_0_0_all_typeA_slice__parameterized2
INFO: [VRFC 10-311] analyzing module ila_0_ltlib_v1_0_0_all_typeA_slice__parameterized2_27
INFO: [VRFC 10-311] analyzing module ila_0_ltlib_v1_0_0_all_typeA_slice__parameterized2_31
INFO: [VRFC 10-311] analyzing module ila_0_ltlib_v1_0_0_allx_typeA
INFO: [VRFC 10-311] analyzing module ila_0_ltlib_v1_0_0_allx_typeA__parameterized0
INFO: [VRFC 10-311] analyzing module ila_0_ltlib_v1_0_0_allx_typeA__parameterized1
INFO: [VRFC 10-311] analyzing module ila_0_ltlib_v1_0_0_allx_typeA__parameterized2
INFO: [VRFC 10-311] analyzing module ila_0_ltlib_v1_0_0_allx_typeA_nodelay
INFO: [VRFC 10-311] analyzing module ila_0_ltlib_v1_0_0_allx_typeA_nodelay_24
INFO: [VRFC 10-311] analyzing module ila_0_ltlib_v1_0_0_allx_typeA_nodelay_28
INFO: [VRFC 10-311] analyzing module ila_0_ltlib_v1_0_0_async_edge_xfer
INFO: [VRFC 10-311] analyzing module ila_0_ltlib_v1_0_0_async_edge_xfer__1
INFO: [VRFC 10-311] analyzing module ila_0_ltlib_v1_0_0_async_edge_xfer__2
INFO: [VRFC 10-311] analyzing module ila_0_ltlib_v1_0_0_async_edge_xfer__3
INFO: [VRFC 10-311] analyzing module ila_0_ltlib_v1_0_0_cfglut4
INFO: [VRFC 10-311] analyzing module ila_0_ltlib_v1_0_0_cfglut4__1
INFO: [VRFC 10-311] analyzing module ila_0_ltlib_v1_0_0_cfglut5
INFO: [VRFC 10-311] analyzing module ila_0_ltlib_v1_0_0_cfglut5__1
INFO: [VRFC 10-311] analyzing module ila_0_ltlib_v1_0_0_cfglut5__2
INFO: [VRFC 10-311] analyzing module ila_0_ltlib_v1_0_0_cfglut6
INFO: [VRFC 10-311] analyzing module ila_0_ltlib_v1_0_0_cfglut6__1
INFO: [VRFC 10-311] analyzing module ila_0_ltlib_v1_0_0_cfglut6__parameterized0
INFO: [VRFC 10-311] analyzing module ila_0_ltlib_v1_0_0_cfglut7
INFO: [VRFC 10-311] analyzing module ila_0_ltlib_v1_0_0_cfglut7__1
INFO: [VRFC 10-311] analyzing module ila_0_ltlib_v1_0_0_generic_memrd
INFO: [VRFC 10-311] analyzing module ila_0_ltlib_v1_0_0_match
INFO: [VRFC 10-311] analyzing module ila_0_ltlib_v1_0_0_match__parameterized0
INFO: [VRFC 10-311] analyzing module ila_0_ltlib_v1_0_0_match__parameterized1
INFO: [VRFC 10-311] analyzing module ila_0_ltlib_v1_0_0_match__parameterized2
INFO: [VRFC 10-311] analyzing module ila_0_ltlib_v1_0_0_match_nodelay
INFO: [VRFC 10-311] analyzing module ila_0_ltlib_v1_0_0_match_nodelay__1
INFO: [VRFC 10-311] analyzing module ila_0_ltlib_v1_0_0_match_nodelay__2
INFO: [VRFC 10-311] analyzing module ila_0_ltlib_v1_0_0_rising_edge_detection
INFO: [VRFC 10-311] analyzing module ila_0_ltlib_v1_0_0_rising_edge_detection__1
INFO: [VRFC 10-311] analyzing module ila_0_xsdbs_v1_0_2_reg__parameterized15
INFO: [VRFC 10-311] analyzing module ila_0_xsdbs_v1_0_2_reg__parameterized16
INFO: [VRFC 10-311] analyzing module ila_0_xsdbs_v1_0_2_reg__parameterized17
INFO: [VRFC 10-311] analyzing module ila_0_xsdbs_v1_0_2_reg__parameterized18
INFO: [VRFC 10-311] analyzing module ila_0_xsdbs_v1_0_2_reg__parameterized30
INFO: [VRFC 10-311] analyzing module ila_0_xsdbs_v1_0_2_reg__parameterized31
INFO: [VRFC 10-311] analyzing module ila_0_xsdbs_v1_0_2_reg__parameterized32
INFO: [VRFC 10-311] analyzing module ila_0_xsdbs_v1_0_2_reg__parameterized33
INFO: [VRFC 10-311] analyzing module ila_0_xsdbs_v1_0_2_reg__parameterized34
INFO: [VRFC 10-311] analyzing module ila_0_xsdbs_v1_0_2_reg__parameterized35
INFO: [VRFC 10-311] analyzing module ila_0_xsdbs_v1_0_2_reg__parameterized36
INFO: [VRFC 10-311] analyzing module ila_0_xsdbs_v1_0_2_reg__parameterized37
INFO: [VRFC 10-311] analyzing module ila_0_xsdbs_v1_0_2_reg__parameterized38
INFO: [VRFC 10-311] analyzing module ila_0_xsdbs_v1_0_2_reg__parameterized39
INFO: [VRFC 10-311] analyzing module ila_0_xsdbs_v1_0_2_reg__parameterized40
INFO: [VRFC 10-311] analyzing module ila_0_xsdbs_v1_0_2_reg__parameterized41
INFO: [VRFC 10-311] analyzing module ila_0_xsdbs_v1_0_2_reg__parameterized43
INFO: [VRFC 10-311] analyzing module ila_0_xsdbs_v1_0_2_reg__parameterized45
INFO: [VRFC 10-311] analyzing module ila_0_xsdbs_v1_0_2_reg__parameterized48
INFO: [VRFC 10-311] analyzing module ila_0_xsdbs_v1_0_2_reg_ctl
INFO: [VRFC 10-311] analyzing module ila_0_xsdbs_v1_0_2_reg_ctl_10
INFO: [VRFC 10-311] analyzing module ila_0_xsdbs_v1_0_2_reg_ctl_11
INFO: [VRFC 10-311] analyzing module ila_0_xsdbs_v1_0_2_reg_ctl_12
INFO: [VRFC 10-311] analyzing module ila_0_xsdbs_v1_0_2_reg_ctl_13
INFO: [VRFC 10-311] analyzing module ila_0_xsdbs_v1_0_2_reg_ctl_16
INFO: [VRFC 10-311] analyzing module ila_0_xsdbs_v1_0_2_reg_ctl_17
INFO: [VRFC 10-311] analyzing module ila_0_xsdbs_v1_0_2_reg_ctl_18
INFO: [VRFC 10-311] analyzing module ila_0_xsdbs_v1_0_2_reg_ctl_19
INFO: [VRFC 10-311] analyzing module ila_0_xsdbs_v1_0_2_reg_ctl_20
INFO: [VRFC 10-311] analyzing module ila_0_xsdbs_v1_0_2_reg_ctl_23
INFO: [VRFC 10-311] analyzing module ila_0_xsdbs_v1_0_2_reg_ctl__parameterized0
INFO: [VRFC 10-311] analyzing module ila_0_xsdbs_v1_0_2_reg_ctl__parameterized1
INFO: [VRFC 10-311] analyzing module ila_0_xsdbs_v1_0_2_reg_ctl__parameterized1_14
INFO: [VRFC 10-311] analyzing module ila_0_xsdbs_v1_0_2_reg_ctl__parameterized1_15
INFO: [VRFC 10-311] analyzing module ila_0_xsdbs_v1_0_2_reg_p2s
INFO: [VRFC 10-311] analyzing module ila_0_xsdbs_v1_0_2_reg_p2s__parameterized0
INFO: [VRFC 10-311] analyzing module ila_0_xsdbs_v1_0_2_reg_p2s__parameterized1
INFO: [VRFC 10-311] analyzing module ila_0_xsdbs_v1_0_2_reg_p2s__parameterized2
INFO: [VRFC 10-311] analyzing module ila_0_xsdbs_v1_0_2_reg_p2s__parameterized3
INFO: [VRFC 10-311] analyzing module ila_0_xsdbs_v1_0_2_reg_stat
INFO: [VRFC 10-311] analyzing module ila_0_xsdbs_v1_0_2_reg_stat_21
INFO: [VRFC 10-311] analyzing module ila_0_xsdbs_v1_0_2_reg_stat_22
INFO: [VRFC 10-311] analyzing module ila_0_xsdbs_v1_0_2_reg_stat_7
INFO: [VRFC 10-311] analyzing module ila_0_xsdbs_v1_0_2_reg_stat_8
INFO: [VRFC 10-311] analyzing module ila_0_xsdbs_v1_0_2_reg_stat_9
INFO: [VRFC 10-311] analyzing module ila_0_xsdbs_v1_0_2_reg_stream
INFO: [VRFC 10-311] analyzing module ila_0_xsdbs_v1_0_2_reg_stream__parameterized0
INFO: [VRFC 10-311] analyzing module ila_0_xsdbs_v1_0_2_xsdbs
INFO: [VRFC 10-311] analyzing module ila_1_ltlib_v1_0_0_all_typeA
INFO: [VRFC 10-311] analyzing module ila_1_ltlib_v1_0_0_all_typeA_1
INFO: [VRFC 10-311] analyzing module ila_1_ltlib_v1_0_0_all_typeA_11
INFO: [VRFC 10-311] analyzing module ila_1_ltlib_v1_0_0_all_typeA_6
INFO: [VRFC 10-311] analyzing module ila_1_ltlib_v1_0_0_all_typeA_9
INFO: [VRFC 10-311] analyzing module ila_1_ltlib_v1_0_0_all_typeA__parameterized0
INFO: [VRFC 10-311] analyzing module ila_1_ltlib_v1_0_0_all_typeA__parameterized1
INFO: [VRFC 10-311] analyzing module ila_1_ltlib_v1_0_0_all_typeA__parameterized1_31
INFO: [VRFC 10-311] analyzing module ila_1_ltlib_v1_0_0_all_typeA__parameterized1_35
INFO: [VRFC 10-311] analyzing module ila_1_ltlib_v1_0_0_all_typeA_slice
INFO: [VRFC 10-311] analyzing module ila_1_ltlib_v1_0_0_all_typeA_slice_10
INFO: [VRFC 10-311] analyzing module ila_1_ltlib_v1_0_0_all_typeA_slice_12
INFO: [VRFC 10-311] analyzing module ila_1_ltlib_v1_0_0_all_typeA_slice_2
INFO: [VRFC 10-311] analyzing module ila_1_ltlib_v1_0_0_all_typeA_slice_5
INFO: [VRFC 10-311] analyzing module ila_1_ltlib_v1_0_0_all_typeA_slice_7
INFO: [VRFC 10-311] analyzing module ila_1_ltlib_v1_0_0_all_typeA_slice__parameterized0
INFO: [VRFC 10-311] analyzing module ila_1_ltlib_v1_0_0_all_typeA_slice__parameterized0_3
INFO: [VRFC 10-311] analyzing module ila_1_ltlib_v1_0_0_all_typeA_slice__parameterized0_4
INFO: [VRFC 10-311] analyzing module ila_1_ltlib_v1_0_0_all_typeA_slice__parameterized1
INFO: [VRFC 10-311] analyzing module ila_1_ltlib_v1_0_0_all_typeA_slice__parameterized1_32
INFO: [VRFC 10-311] analyzing module ila_1_ltlib_v1_0_0_all_typeA_slice__parameterized1_36
INFO: [VRFC 10-311] analyzing module ila_1_ltlib_v1_0_0_all_typeA_slice__parameterized2
INFO: [VRFC 10-311] analyzing module ila_1_ltlib_v1_0_0_all_typeA_slice__parameterized2_33
INFO: [VRFC 10-311] analyzing module ila_1_ltlib_v1_0_0_all_typeA_slice__parameterized2_37
INFO: [VRFC 10-311] analyzing module ila_1_ltlib_v1_0_0_allx_typeA
INFO: [VRFC 10-311] analyzing module ila_1_ltlib_v1_0_0_allx_typeA__parameterized0
INFO: [VRFC 10-311] analyzing module ila_1_ltlib_v1_0_0_allx_typeA__parameterized0_0
INFO: [VRFC 10-311] analyzing module ila_1_ltlib_v1_0_0_allx_typeA__parameterized0_8
INFO: [VRFC 10-311] analyzing module ila_1_ltlib_v1_0_0_allx_typeA__parameterized1
INFO: [VRFC 10-311] analyzing module ila_1_ltlib_v1_0_0_allx_typeA__parameterized2
INFO: [VRFC 10-311] analyzing module ila_1_ltlib_v1_0_0_allx_typeA_nodelay
INFO: [VRFC 10-311] analyzing module ila_1_ltlib_v1_0_0_allx_typeA_nodelay_30
INFO: [VRFC 10-311] analyzing module ila_1_ltlib_v1_0_0_allx_typeA_nodelay_34
INFO: [VRFC 10-311] analyzing module ila_1_ltlib_v1_0_0_async_edge_xfer
INFO: [VRFC 10-311] analyzing module ila_1_ltlib_v1_0_0_async_edge_xfer__1
INFO: [VRFC 10-311] analyzing module ila_1_ltlib_v1_0_0_async_edge_xfer__2
INFO: [VRFC 10-311] analyzing module ila_1_ltlib_v1_0_0_async_edge_xfer__3
INFO: [VRFC 10-311] analyzing module ila_1_ltlib_v1_0_0_cfglut4
INFO: [VRFC 10-311] analyzing module ila_1_ltlib_v1_0_0_cfglut4__1
INFO: [VRFC 10-311] analyzing module ila_1_ltlib_v1_0_0_cfglut5
INFO: [VRFC 10-311] analyzing module ila_1_ltlib_v1_0_0_cfglut5__1
INFO: [VRFC 10-311] analyzing module ila_1_ltlib_v1_0_0_cfglut5__2
INFO: [VRFC 10-311] analyzing module ila_1_ltlib_v1_0_0_cfglut6
INFO: [VRFC 10-311] analyzing module ila_1_ltlib_v1_0_0_cfglut6__1
INFO: [VRFC 10-311] analyzing module ila_1_ltlib_v1_0_0_cfglut6__parameterized0
INFO: [VRFC 10-311] analyzing module ila_1_ltlib_v1_0_0_cfglut7
INFO: [VRFC 10-311] analyzing module ila_1_ltlib_v1_0_0_cfglut7__1
INFO: [VRFC 10-311] analyzing module ila_1_ltlib_v1_0_0_generic_memrd
INFO: [VRFC 10-311] analyzing module ila_1_ltlib_v1_0_0_match
INFO: [VRFC 10-311] analyzing module ila_1_ltlib_v1_0_0_match__parameterized0
INFO: [VRFC 10-311] analyzing module ila_1_ltlib_v1_0_0_match__parameterized0__1
INFO: [VRFC 10-311] analyzing module ila_1_ltlib_v1_0_0_match__parameterized0__2
INFO: [VRFC 10-311] analyzing module ila_1_ltlib_v1_0_0_match__parameterized1
INFO: [VRFC 10-311] analyzing module ila_1_ltlib_v1_0_0_match__parameterized2
INFO: [VRFC 10-311] analyzing module ila_1_ltlib_v1_0_0_match_nodelay
INFO: [VRFC 10-311] analyzing module ila_1_ltlib_v1_0_0_match_nodelay__1
INFO: [VRFC 10-311] analyzing module ila_1_ltlib_v1_0_0_match_nodelay__2
INFO: [VRFC 10-311] analyzing module ila_1_ltlib_v1_0_0_rising_edge_detection
INFO: [VRFC 10-311] analyzing module ila_1_ltlib_v1_0_0_rising_edge_detection__1
INFO: [VRFC 10-311] analyzing module ila_1_xsdbs_v1_0_2_reg__parameterized19
INFO: [VRFC 10-311] analyzing module ila_1_xsdbs_v1_0_2_reg__parameterized20
INFO: [VRFC 10-311] analyzing module ila_1_xsdbs_v1_0_2_reg__parameterized21
INFO: [VRFC 10-311] analyzing module ila_1_xsdbs_v1_0_2_reg__parameterized22
INFO: [VRFC 10-311] analyzing module ila_1_xsdbs_v1_0_2_reg__parameterized34
INFO: [VRFC 10-311] analyzing module ila_1_xsdbs_v1_0_2_reg__parameterized35
INFO: [VRFC 10-311] analyzing module ila_1_xsdbs_v1_0_2_reg__parameterized36
INFO: [VRFC 10-311] analyzing module ila_1_xsdbs_v1_0_2_reg__parameterized37
INFO: [VRFC 10-311] analyzing module ila_1_xsdbs_v1_0_2_reg__parameterized38
INFO: [VRFC 10-311] analyzing module ila_1_xsdbs_v1_0_2_reg__parameterized39
INFO: [VRFC 10-311] analyzing module ila_1_xsdbs_v1_0_2_reg__parameterized40
INFO: [VRFC 10-311] analyzing module ila_1_xsdbs_v1_0_2_reg__parameterized41
INFO: [VRFC 10-311] analyzing module ila_1_xsdbs_v1_0_2_reg__parameterized42
INFO: [VRFC 10-311] analyzing module ila_1_xsdbs_v1_0_2_reg__parameterized43
INFO: [VRFC 10-311] analyzing module ila_1_xsdbs_v1_0_2_reg__parameterized44
INFO: [VRFC 10-311] analyzing module ila_1_xsdbs_v1_0_2_reg__parameterized45
INFO: [VRFC 10-311] analyzing module ila_1_xsdbs_v1_0_2_reg__parameterized47
INFO: [VRFC 10-311] analyzing module ila_1_xsdbs_v1_0_2_reg__parameterized49
INFO: [VRFC 10-311] analyzing module ila_1_xsdbs_v1_0_2_reg__parameterized52
INFO: [VRFC 10-311] analyzing module ila_1_xsdbs_v1_0_2_reg_ctl
INFO: [VRFC 10-311] analyzing module ila_1_xsdbs_v1_0_2_reg_ctl_16
INFO: [VRFC 10-311] analyzing module ila_1_xsdbs_v1_0_2_reg_ctl_17
INFO: [VRFC 10-311] analyzing module ila_1_xsdbs_v1_0_2_reg_ctl_18
INFO: [VRFC 10-311] analyzing module ila_1_xsdbs_v1_0_2_reg_ctl_19
INFO: [VRFC 10-311] analyzing module ila_1_xsdbs_v1_0_2_reg_ctl_22
INFO: [VRFC 10-311] analyzing module ila_1_xsdbs_v1_0_2_reg_ctl_23
INFO: [VRFC 10-311] analyzing module ila_1_xsdbs_v1_0_2_reg_ctl_24
INFO: [VRFC 10-311] analyzing module ila_1_xsdbs_v1_0_2_reg_ctl_25
INFO: [VRFC 10-311] analyzing module ila_1_xsdbs_v1_0_2_reg_ctl_26
INFO: [VRFC 10-311] analyzing module ila_1_xsdbs_v1_0_2_reg_ctl_29
INFO: [VRFC 10-311] analyzing module ila_1_xsdbs_v1_0_2_reg_ctl__parameterized0
INFO: [VRFC 10-311] analyzing module ila_1_xsdbs_v1_0_2_reg_ctl__parameterized1
INFO: [VRFC 10-311] analyzing module ila_1_xsdbs_v1_0_2_reg_ctl__parameterized1_20
INFO: [VRFC 10-311] analyzing module ila_1_xsdbs_v1_0_2_reg_ctl__parameterized1_21
INFO: [VRFC 10-311] analyzing module ila_1_xsdbs_v1_0_2_reg_p2s
INFO: [VRFC 10-311] analyzing module ila_1_xsdbs_v1_0_2_reg_p2s__parameterized0
INFO: [VRFC 10-311] analyzing module ila_1_xsdbs_v1_0_2_reg_p2s__parameterized1
INFO: [VRFC 10-311] analyzing module ila_1_xsdbs_v1_0_2_reg_p2s__parameterized2
INFO: [VRFC 10-311] analyzing module ila_1_xsdbs_v1_0_2_reg_p2s__parameterized3
INFO: [VRFC 10-311] analyzing module ila_1_xsdbs_v1_0_2_reg_p2s__parameterized4
INFO: [VRFC 10-311] analyzing module ila_1_xsdbs_v1_0_2_reg_p2s__parameterized5
INFO: [VRFC 10-311] analyzing module ila_1_xsdbs_v1_0_2_reg_stat
INFO: [VRFC 10-311] analyzing module ila_1_xsdbs_v1_0_2_reg_stat_13
INFO: [VRFC 10-311] analyzing module ila_1_xsdbs_v1_0_2_reg_stat_14
INFO: [VRFC 10-311] analyzing module ila_1_xsdbs_v1_0_2_reg_stat_15
INFO: [VRFC 10-311] analyzing module ila_1_xsdbs_v1_0_2_reg_stat_27
INFO: [VRFC 10-311] analyzing module ila_1_xsdbs_v1_0_2_reg_stat_28
INFO: [VRFC 10-311] analyzing module ila_1_xsdbs_v1_0_2_reg_stream
INFO: [VRFC 10-311] analyzing module ila_1_xsdbs_v1_0_2_reg_stream__parameterized0
INFO: [VRFC 10-311] analyzing module ila_1_xsdbs_v1_0_2_xsdbs
INFO: [VRFC 10-311] analyzing module ila_0_blk_mem_gen_v8_4_5
INFO: [VRFC 10-311] analyzing module ila_0_blk_mem_gen_v8_4_5_bindec
INFO: [VRFC 10-311] analyzing module ila_0_blk_mem_gen_v8_4_5_bindec_32
INFO: [VRFC 10-311] analyzing module ila_0_blk_mem_gen_v8_4_5_blk_mem_gen_generic_cstr
INFO: [VRFC 10-311] analyzing module ila_0_blk_mem_gen_v8_4_5_blk_mem_gen_mux__parameterized0
INFO: [VRFC 10-311] analyzing module ila_0_blk_mem_gen_v8_4_5_blk_mem_gen_prim_width
INFO: [VRFC 10-311] analyzing module ila_0_blk_mem_gen_v8_4_5_blk_mem_gen_prim_width__parameterized0
INFO: [VRFC 10-311] analyzing module ila_0_blk_mem_gen_v8_4_5_blk_mem_gen_prim_width__parameterized1
INFO: [VRFC 10-311] analyzing module ila_0_blk_mem_gen_v8_4_5_blk_mem_gen_prim_width__parameterized10
INFO: [VRFC 10-311] analyzing module ila_0_blk_mem_gen_v8_4_5_blk_mem_gen_prim_width__parameterized11
INFO: [VRFC 10-311] analyzing module ila_0_blk_mem_gen_v8_4_5_blk_mem_gen_prim_width__parameterized12
INFO: [VRFC 10-311] analyzing module ila_0_blk_mem_gen_v8_4_5_blk_mem_gen_prim_width__parameterized13
INFO: [VRFC 10-311] analyzing module ila_0_blk_mem_gen_v8_4_5_blk_mem_gen_prim_width__parameterized14
INFO: [VRFC 10-311] analyzing module ila_0_blk_mem_gen_v8_4_5_blk_mem_gen_prim_width__parameterized15
INFO: [VRFC 10-311] analyzing module ila_0_blk_mem_gen_v8_4_5_blk_mem_gen_prim_width__parameterized16
INFO: [VRFC 10-311] analyzing module ila_0_blk_mem_gen_v8_4_5_blk_mem_gen_prim_width__parameterized17
INFO: [VRFC 10-311] analyzing module ila_0_blk_mem_gen_v8_4_5_blk_mem_gen_prim_width__parameterized18
INFO: [VRFC 10-311] analyzing module ila_0_blk_mem_gen_v8_4_5_blk_mem_gen_prim_width__parameterized19
INFO: [VRFC 10-311] analyzing module ila_0_blk_mem_gen_v8_4_5_blk_mem_gen_prim_width__parameterized2
INFO: [VRFC 10-311] analyzing module ila_0_blk_mem_gen_v8_4_5_blk_mem_gen_prim_width__parameterized20
INFO: [VRFC 10-311] analyzing module ila_0_blk_mem_gen_v8_4_5_blk_mem_gen_prim_width__parameterized21
INFO: [VRFC 10-311] analyzing module ila_0_blk_mem_gen_v8_4_5_blk_mem_gen_prim_width__parameterized22
INFO: [VRFC 10-311] analyzing module ila_0_blk_mem_gen_v8_4_5_blk_mem_gen_prim_width__parameterized23
INFO: [VRFC 10-311] analyzing module ila_0_blk_mem_gen_v8_4_5_blk_mem_gen_prim_width__parameterized24
INFO: [VRFC 10-311] analyzing module ila_0_blk_mem_gen_v8_4_5_blk_mem_gen_prim_width__parameterized25
INFO: [VRFC 10-311] analyzing module ila_0_blk_mem_gen_v8_4_5_blk_mem_gen_prim_width__parameterized26
INFO: [VRFC 10-311] analyzing module ila_0_blk_mem_gen_v8_4_5_blk_mem_gen_prim_width__parameterized27
INFO: [VRFC 10-311] analyzing module ila_0_blk_mem_gen_v8_4_5_blk_mem_gen_prim_width__parameterized28
INFO: [VRFC 10-311] analyzing module ila_0_blk_mem_gen_v8_4_5_blk_mem_gen_prim_width__parameterized29
INFO: [VRFC 10-311] analyzing module ila_0_blk_mem_gen_v8_4_5_blk_mem_gen_prim_width__parameterized3
INFO: [VRFC 10-311] analyzing module ila_0_blk_mem_gen_v8_4_5_blk_mem_gen_prim_width__parameterized30
INFO: [VRFC 10-311] analyzing module ila_0_blk_mem_gen_v8_4_5_blk_mem_gen_prim_width__parameterized31
INFO: [VRFC 10-311] analyzing module ila_0_blk_mem_gen_v8_4_5_blk_mem_gen_prim_width__parameterized32
INFO: [VRFC 10-311] analyzing module ila_0_blk_mem_gen_v8_4_5_blk_mem_gen_prim_width__parameterized33
INFO: [VRFC 10-311] analyzing module ila_0_blk_mem_gen_v8_4_5_blk_mem_gen_prim_width__parameterized34
INFO: [VRFC 10-311] analyzing module ila_0_blk_mem_gen_v8_4_5_blk_mem_gen_prim_width__parameterized35
INFO: [VRFC 10-311] analyzing module ila_0_blk_mem_gen_v8_4_5_blk_mem_gen_prim_width__parameterized36
INFO: [VRFC 10-311] analyzing module ila_0_blk_mem_gen_v8_4_5_blk_mem_gen_prim_width__parameterized37
INFO: [VRFC 10-311] analyzing module ila_0_blk_mem_gen_v8_4_5_blk_mem_gen_prim_width__parameterized38
INFO: [VRFC 10-311] analyzing module ila_0_blk_mem_gen_v8_4_5_blk_mem_gen_prim_width__parameterized39
INFO: [VRFC 10-311] analyzing module ila_0_blk_mem_gen_v8_4_5_blk_mem_gen_prim_width__parameterized4
INFO: [VRFC 10-311] analyzing module ila_0_blk_mem_gen_v8_4_5_blk_mem_gen_prim_width__parameterized40
INFO: [VRFC 10-311] analyzing module ila_0_blk_mem_gen_v8_4_5_blk_mem_gen_prim_width__parameterized41
INFO: [VRFC 10-311] analyzing module ila_0_blk_mem_gen_v8_4_5_blk_mem_gen_prim_width__parameterized42
INFO: [VRFC 10-311] analyzing module ila_0_blk_mem_gen_v8_4_5_blk_mem_gen_prim_width__parameterized43
INFO: [VRFC 10-311] analyzing module ila_0_blk_mem_gen_v8_4_5_blk_mem_gen_prim_width__parameterized44
INFO: [VRFC 10-311] analyzing module ila_0_blk_mem_gen_v8_4_5_blk_mem_gen_prim_width__parameterized45
INFO: [VRFC 10-311] analyzing module ila_0_blk_mem_gen_v8_4_5_blk_mem_gen_prim_width__parameterized46
INFO: [VRFC 10-311] analyzing module ila_0_blk_mem_gen_v8_4_5_blk_mem_gen_prim_width__parameterized47
INFO: [VRFC 10-311] analyzing module ila_0_blk_mem_gen_v8_4_5_blk_mem_gen_prim_width__parameterized48
INFO: [VRFC 10-311] analyzing module ila_0_blk_mem_gen_v8_4_5_blk_mem_gen_prim_width__parameterized49
INFO: [VRFC 10-311] analyzing module ila_0_blk_mem_gen_v8_4_5_blk_mem_gen_prim_width__parameterized5
INFO: [VRFC 10-311] analyzing module ila_0_blk_mem_gen_v8_4_5_blk_mem_gen_prim_width__parameterized50
INFO: [VRFC 10-311] analyzing module ila_0_blk_mem_gen_v8_4_5_blk_mem_gen_prim_width__parameterized51
INFO: [VRFC 10-311] analyzing module ila_0_blk_mem_gen_v8_4_5_blk_mem_gen_prim_width__parameterized52
INFO: [VRFC 10-311] analyzing module ila_0_blk_mem_gen_v8_4_5_blk_mem_gen_prim_width__parameterized53
INFO: [VRFC 10-311] analyzing module ila_0_blk_mem_gen_v8_4_5_blk_mem_gen_prim_width__parameterized54
INFO: [VRFC 10-311] analyzing module ila_0_blk_mem_gen_v8_4_5_blk_mem_gen_prim_width__parameterized55
INFO: [VRFC 10-311] analyzing module ila_0_blk_mem_gen_v8_4_5_blk_mem_gen_prim_width__parameterized56
INFO: [VRFC 10-311] analyzing module ila_0_blk_mem_gen_v8_4_5_blk_mem_gen_prim_width__parameterized57
INFO: [VRFC 10-311] analyzing module ila_0_blk_mem_gen_v8_4_5_blk_mem_gen_prim_width__parameterized58
INFO: [VRFC 10-311] analyzing module ila_0_blk_mem_gen_v8_4_5_blk_mem_gen_prim_width__parameterized59
INFO: [VRFC 10-311] analyzing module ila_0_blk_mem_gen_v8_4_5_blk_mem_gen_prim_width__parameterized6
INFO: [VRFC 10-311] analyzing module ila_0_blk_mem_gen_v8_4_5_blk_mem_gen_prim_width__parameterized60
INFO: [VRFC 10-311] analyzing module ila_0_blk_mem_gen_v8_4_5_blk_mem_gen_prim_width__parameterized61
INFO: [VRFC 10-311] analyzing module ila_0_blk_mem_gen_v8_4_5_blk_mem_gen_prim_width__parameterized62
INFO: [VRFC 10-311] analyzing module ila_0_blk_mem_gen_v8_4_5_blk_mem_gen_prim_width__parameterized63
INFO: [VRFC 10-311] analyzing module ila_0_blk_mem_gen_v8_4_5_blk_mem_gen_prim_width__parameterized7
INFO: [VRFC 10-311] analyzing module ila_0_blk_mem_gen_v8_4_5_blk_mem_gen_prim_width__parameterized8
INFO: [VRFC 10-311] analyzing module ila_0_blk_mem_gen_v8_4_5_blk_mem_gen_prim_width__parameterized9
INFO: [VRFC 10-311] analyzing module ila_0_blk_mem_gen_v8_4_5_blk_mem_gen_prim_wrapper
INFO: [VRFC 10-311] analyzing module ila_0_blk_mem_gen_v8_4_5_blk_mem_gen_prim_wrapper__parameterized0
INFO: [VRFC 10-311] analyzing module ila_0_blk_mem_gen_v8_4_5_blk_mem_gen_prim_wrapper__parameterized1
INFO: [VRFC 10-311] analyzing module ila_0_blk_mem_gen_v8_4_5_blk_mem_gen_prim_wrapper__parameterized10
INFO: [VRFC 10-311] analyzing module ila_0_blk_mem_gen_v8_4_5_blk_mem_gen_prim_wrapper__parameterized11
INFO: [VRFC 10-311] analyzing module ila_0_blk_mem_gen_v8_4_5_blk_mem_gen_prim_wrapper__parameterized12
INFO: [VRFC 10-311] analyzing module ila_0_blk_mem_gen_v8_4_5_blk_mem_gen_prim_wrapper__parameterized13
INFO: [VRFC 10-311] analyzing module ila_0_blk_mem_gen_v8_4_5_blk_mem_gen_prim_wrapper__parameterized14
INFO: [VRFC 10-311] analyzing module ila_0_blk_mem_gen_v8_4_5_blk_mem_gen_prim_wrapper__parameterized15
INFO: [VRFC 10-311] analyzing module ila_0_blk_mem_gen_v8_4_5_blk_mem_gen_prim_wrapper__parameterized16
INFO: [VRFC 10-311] analyzing module ila_0_blk_mem_gen_v8_4_5_blk_mem_gen_prim_wrapper__parameterized17
INFO: [VRFC 10-311] analyzing module ila_0_blk_mem_gen_v8_4_5_blk_mem_gen_prim_wrapper__parameterized18
INFO: [VRFC 10-311] analyzing module ila_0_blk_mem_gen_v8_4_5_blk_mem_gen_prim_wrapper__parameterized19
INFO: [VRFC 10-311] analyzing module ila_0_blk_mem_gen_v8_4_5_blk_mem_gen_prim_wrapper__parameterized2
INFO: [VRFC 10-311] analyzing module ila_0_blk_mem_gen_v8_4_5_blk_mem_gen_prim_wrapper__parameterized20
INFO: [VRFC 10-311] analyzing module ila_0_blk_mem_gen_v8_4_5_blk_mem_gen_prim_wrapper__parameterized21
INFO: [VRFC 10-311] analyzing module ila_0_blk_mem_gen_v8_4_5_blk_mem_gen_prim_wrapper__parameterized22
INFO: [VRFC 10-311] analyzing module ila_0_blk_mem_gen_v8_4_5_blk_mem_gen_prim_wrapper__parameterized23
INFO: [VRFC 10-311] analyzing module ila_0_blk_mem_gen_v8_4_5_blk_mem_gen_prim_wrapper__parameterized24
INFO: [VRFC 10-311] analyzing module ila_0_blk_mem_gen_v8_4_5_blk_mem_gen_prim_wrapper__parameterized25
INFO: [VRFC 10-311] analyzing module ila_0_blk_mem_gen_v8_4_5_blk_mem_gen_prim_wrapper__parameterized26
INFO: [VRFC 10-311] analyzing module ila_0_blk_mem_gen_v8_4_5_blk_mem_gen_prim_wrapper__parameterized27
INFO: [VRFC 10-311] analyzing module ila_0_blk_mem_gen_v8_4_5_blk_mem_gen_prim_wrapper__parameterized28
INFO: [VRFC 10-311] analyzing module ila_0_blk_mem_gen_v8_4_5_blk_mem_gen_prim_wrapper__parameterized29
INFO: [VRFC 10-311] analyzing module ila_0_blk_mem_gen_v8_4_5_blk_mem_gen_prim_wrapper__parameterized3
INFO: [VRFC 10-311] analyzing module ila_0_blk_mem_gen_v8_4_5_blk_mem_gen_prim_wrapper__parameterized30
INFO: [VRFC 10-311] analyzing module ila_0_blk_mem_gen_v8_4_5_blk_mem_gen_prim_wrapper__parameterized31
INFO: [VRFC 10-311] analyzing module ila_0_blk_mem_gen_v8_4_5_blk_mem_gen_prim_wrapper__parameterized32
INFO: [VRFC 10-311] analyzing module ila_0_blk_mem_gen_v8_4_5_blk_mem_gen_prim_wrapper__parameterized33
INFO: [VRFC 10-311] analyzing module ila_0_blk_mem_gen_v8_4_5_blk_mem_gen_prim_wrapper__parameterized34
INFO: [VRFC 10-311] analyzing module ila_0_blk_mem_gen_v8_4_5_blk_mem_gen_prim_wrapper__parameterized35
INFO: [VRFC 10-311] analyzing module ila_0_blk_mem_gen_v8_4_5_blk_mem_gen_prim_wrapper__parameterized36
INFO: [VRFC 10-311] analyzing module ila_0_blk_mem_gen_v8_4_5_blk_mem_gen_prim_wrapper__parameterized37
INFO: [VRFC 10-311] analyzing module ila_0_blk_mem_gen_v8_4_5_blk_mem_gen_prim_wrapper__parameterized38
INFO: [VRFC 10-311] analyzing module ila_0_blk_mem_gen_v8_4_5_blk_mem_gen_prim_wrapper__parameterized39
INFO: [VRFC 10-311] analyzing module ila_0_blk_mem_gen_v8_4_5_blk_mem_gen_prim_wrapper__parameterized4
INFO: [VRFC 10-311] analyzing module ila_0_blk_mem_gen_v8_4_5_blk_mem_gen_prim_wrapper__parameterized40
INFO: [VRFC 10-311] analyzing module ila_0_blk_mem_gen_v8_4_5_blk_mem_gen_prim_wrapper__parameterized41
INFO: [VRFC 10-311] analyzing module ila_0_blk_mem_gen_v8_4_5_blk_mem_gen_prim_wrapper__parameterized42
INFO: [VRFC 10-311] analyzing module ila_0_blk_mem_gen_v8_4_5_blk_mem_gen_prim_wrapper__parameterized43
INFO: [VRFC 10-311] analyzing module ila_0_blk_mem_gen_v8_4_5_blk_mem_gen_prim_wrapper__parameterized44
INFO: [VRFC 10-311] analyzing module ila_0_blk_mem_gen_v8_4_5_blk_mem_gen_prim_wrapper__parameterized45
INFO: [VRFC 10-311] analyzing module ila_0_blk_mem_gen_v8_4_5_blk_mem_gen_prim_wrapper__parameterized46
INFO: [VRFC 10-311] analyzing module ila_0_blk_mem_gen_v8_4_5_blk_mem_gen_prim_wrapper__parameterized47
INFO: [VRFC 10-311] analyzing module ila_0_blk_mem_gen_v8_4_5_blk_mem_gen_prim_wrapper__parameterized48
INFO: [VRFC 10-311] analyzing module ila_0_blk_mem_gen_v8_4_5_blk_mem_gen_prim_wrapper__parameterized49
INFO: [VRFC 10-311] analyzing module ila_0_blk_mem_gen_v8_4_5_blk_mem_gen_prim_wrapper__parameterized5
INFO: [VRFC 10-311] analyzing module ila_0_blk_mem_gen_v8_4_5_blk_mem_gen_prim_wrapper__parameterized50
INFO: [VRFC 10-311] analyzing module ila_0_blk_mem_gen_v8_4_5_blk_mem_gen_prim_wrapper__parameterized51
INFO: [VRFC 10-311] analyzing module ila_0_blk_mem_gen_v8_4_5_blk_mem_gen_prim_wrapper__parameterized52
INFO: [VRFC 10-311] analyzing module ila_0_blk_mem_gen_v8_4_5_blk_mem_gen_prim_wrapper__parameterized53
INFO: [VRFC 10-311] analyzing module ila_0_blk_mem_gen_v8_4_5_blk_mem_gen_prim_wrapper__parameterized54
INFO: [VRFC 10-311] analyzing module ila_0_blk_mem_gen_v8_4_5_blk_mem_gen_prim_wrapper__parameterized55
INFO: [VRFC 10-311] analyzing module ila_0_blk_mem_gen_v8_4_5_blk_mem_gen_prim_wrapper__parameterized56
INFO: [VRFC 10-311] analyzing module ila_0_blk_mem_gen_v8_4_5_blk_mem_gen_prim_wrapper__parameterized57
INFO: [VRFC 10-311] analyzing module ila_0_blk_mem_gen_v8_4_5_blk_mem_gen_prim_wrapper__parameterized58
INFO: [VRFC 10-311] analyzing module ila_0_blk_mem_gen_v8_4_5_blk_mem_gen_prim_wrapper__parameterized59
INFO: [VRFC 10-311] analyzing module ila_0_blk_mem_gen_v8_4_5_blk_mem_gen_prim_wrapper__parameterized6
INFO: [VRFC 10-311] analyzing module ila_0_blk_mem_gen_v8_4_5_blk_mem_gen_prim_wrapper__parameterized60
INFO: [VRFC 10-311] analyzing module ila_0_blk_mem_gen_v8_4_5_blk_mem_gen_prim_wrapper__parameterized61
INFO: [VRFC 10-311] analyzing module ila_0_blk_mem_gen_v8_4_5_blk_mem_gen_prim_wrapper__parameterized62
INFO: [VRFC 10-311] analyzing module ila_0_blk_mem_gen_v8_4_5_blk_mem_gen_prim_wrapper__parameterized63
INFO: [VRFC 10-311] analyzing module ila_0_blk_mem_gen_v8_4_5_blk_mem_gen_prim_wrapper__parameterized7
INFO: [VRFC 10-311] analyzing module ila_0_blk_mem_gen_v8_4_5_blk_mem_gen_prim_wrapper__parameterized8
INFO: [VRFC 10-311] analyzing module ila_0_blk_mem_gen_v8_4_5_blk_mem_gen_prim_wrapper__parameterized9
INFO: [VRFC 10-311] analyzing module ila_0_blk_mem_gen_v8_4_5_blk_mem_gen_top
INFO: [VRFC 10-311] analyzing module ila_0_blk_mem_gen_v8_4_5_synth
INFO: [VRFC 10-311] analyzing module ila_1_blk_mem_gen_v8_4_5
INFO: [VRFC 10-311] analyzing module ila_1_blk_mem_gen_v8_4_5_bindec
INFO: [VRFC 10-311] analyzing module ila_1_blk_mem_gen_v8_4_5_bindec_38
INFO: [VRFC 10-311] analyzing module ila_1_blk_mem_gen_v8_4_5_blk_mem_gen_generic_cstr
INFO: [VRFC 10-311] analyzing module ila_1_blk_mem_gen_v8_4_5_blk_mem_gen_mux__parameterized0
INFO: [VRFC 10-311] analyzing module ila_1_blk_mem_gen_v8_4_5_blk_mem_gen_prim_width
INFO: [VRFC 10-311] analyzing module ila_1_blk_mem_gen_v8_4_5_blk_mem_gen_prim_width__parameterized0
INFO: [VRFC 10-311] analyzing module ila_1_blk_mem_gen_v8_4_5_blk_mem_gen_prim_width__parameterized1
INFO: [VRFC 10-311] analyzing module ila_1_blk_mem_gen_v8_4_5_blk_mem_gen_prim_width__parameterized10
INFO: [VRFC 10-311] analyzing module ila_1_blk_mem_gen_v8_4_5_blk_mem_gen_prim_width__parameterized11
INFO: [VRFC 10-311] analyzing module ila_1_blk_mem_gen_v8_4_5_blk_mem_gen_prim_width__parameterized12
INFO: [VRFC 10-311] analyzing module ila_1_blk_mem_gen_v8_4_5_blk_mem_gen_prim_width__parameterized13
INFO: [VRFC 10-311] analyzing module ila_1_blk_mem_gen_v8_4_5_blk_mem_gen_prim_width__parameterized14
INFO: [VRFC 10-311] analyzing module ila_1_blk_mem_gen_v8_4_5_blk_mem_gen_prim_width__parameterized15
INFO: [VRFC 10-311] analyzing module ila_1_blk_mem_gen_v8_4_5_blk_mem_gen_prim_width__parameterized16
INFO: [VRFC 10-311] analyzing module ila_1_blk_mem_gen_v8_4_5_blk_mem_gen_prim_width__parameterized17
INFO: [VRFC 10-311] analyzing module ila_1_blk_mem_gen_v8_4_5_blk_mem_gen_prim_width__parameterized18
INFO: [VRFC 10-311] analyzing module ila_1_blk_mem_gen_v8_4_5_blk_mem_gen_prim_width__parameterized19
INFO: [VRFC 10-311] analyzing module ila_1_blk_mem_gen_v8_4_5_blk_mem_gen_prim_width__parameterized2
INFO: [VRFC 10-311] analyzing module ila_1_blk_mem_gen_v8_4_5_blk_mem_gen_prim_width__parameterized20
INFO: [VRFC 10-311] analyzing module ila_1_blk_mem_gen_v8_4_5_blk_mem_gen_prim_width__parameterized21
INFO: [VRFC 10-311] analyzing module ila_1_blk_mem_gen_v8_4_5_blk_mem_gen_prim_width__parameterized22
INFO: [VRFC 10-311] analyzing module ila_1_blk_mem_gen_v8_4_5_blk_mem_gen_prim_width__parameterized23
INFO: [VRFC 10-311] analyzing module ila_1_blk_mem_gen_v8_4_5_blk_mem_gen_prim_width__parameterized24
INFO: [VRFC 10-311] analyzing module ila_1_blk_mem_gen_v8_4_5_blk_mem_gen_prim_width__parameterized25
INFO: [VRFC 10-311] analyzing module ila_1_blk_mem_gen_v8_4_5_blk_mem_gen_prim_width__parameterized26
INFO: [VRFC 10-311] analyzing module ila_1_blk_mem_gen_v8_4_5_blk_mem_gen_prim_width__parameterized27
INFO: [VRFC 10-311] analyzing module ila_1_blk_mem_gen_v8_4_5_blk_mem_gen_prim_width__parameterized28
INFO: [VRFC 10-311] analyzing module ila_1_blk_mem_gen_v8_4_5_blk_mem_gen_prim_width__parameterized29
INFO: [VRFC 10-311] analyzing module ila_1_blk_mem_gen_v8_4_5_blk_mem_gen_prim_width__parameterized3
INFO: [VRFC 10-311] analyzing module ila_1_blk_mem_gen_v8_4_5_blk_mem_gen_prim_width__parameterized30
INFO: [VRFC 10-311] analyzing module ila_1_blk_mem_gen_v8_4_5_blk_mem_gen_prim_width__parameterized31
INFO: [VRFC 10-311] analyzing module ila_1_blk_mem_gen_v8_4_5_blk_mem_gen_prim_width__parameterized32
INFO: [VRFC 10-311] analyzing module ila_1_blk_mem_gen_v8_4_5_blk_mem_gen_prim_width__parameterized33
INFO: [VRFC 10-311] analyzing module ila_1_blk_mem_gen_v8_4_5_blk_mem_gen_prim_width__parameterized34
INFO: [VRFC 10-311] analyzing module ila_1_blk_mem_gen_v8_4_5_blk_mem_gen_prim_width__parameterized35
INFO: [VRFC 10-311] analyzing module ila_1_blk_mem_gen_v8_4_5_blk_mem_gen_prim_width__parameterized36
INFO: [VRFC 10-311] analyzing module ila_1_blk_mem_gen_v8_4_5_blk_mem_gen_prim_width__parameterized37
INFO: [VRFC 10-311] analyzing module ila_1_blk_mem_gen_v8_4_5_blk_mem_gen_prim_width__parameterized38
INFO: [VRFC 10-311] analyzing module ila_1_blk_mem_gen_v8_4_5_blk_mem_gen_prim_width__parameterized39
INFO: [VRFC 10-311] analyzing module ila_1_blk_mem_gen_v8_4_5_blk_mem_gen_prim_width__parameterized4
INFO: [VRFC 10-311] analyzing module ila_1_blk_mem_gen_v8_4_5_blk_mem_gen_prim_width__parameterized40
INFO: [VRFC 10-311] analyzing module ila_1_blk_mem_gen_v8_4_5_blk_mem_gen_prim_width__parameterized41
INFO: [VRFC 10-311] analyzing module ila_1_blk_mem_gen_v8_4_5_blk_mem_gen_prim_width__parameterized42
INFO: [VRFC 10-311] analyzing module ila_1_blk_mem_gen_v8_4_5_blk_mem_gen_prim_width__parameterized43
INFO: [VRFC 10-311] analyzing module ila_1_blk_mem_gen_v8_4_5_blk_mem_gen_prim_width__parameterized44
INFO: [VRFC 10-311] analyzing module ila_1_blk_mem_gen_v8_4_5_blk_mem_gen_prim_width__parameterized45
INFO: [VRFC 10-311] analyzing module ila_1_blk_mem_gen_v8_4_5_blk_mem_gen_prim_width__parameterized46
INFO: [VRFC 10-311] analyzing module ila_1_blk_mem_gen_v8_4_5_blk_mem_gen_prim_width__parameterized47
INFO: [VRFC 10-311] analyzing module ila_1_blk_mem_gen_v8_4_5_blk_mem_gen_prim_width__parameterized48
INFO: [VRFC 10-311] analyzing module ila_1_blk_mem_gen_v8_4_5_blk_mem_gen_prim_width__parameterized49
INFO: [VRFC 10-311] analyzing module ila_1_blk_mem_gen_v8_4_5_blk_mem_gen_prim_width__parameterized5
INFO: [VRFC 10-311] analyzing module ila_1_blk_mem_gen_v8_4_5_blk_mem_gen_prim_width__parameterized50
INFO: [VRFC 10-311] analyzing module ila_1_blk_mem_gen_v8_4_5_blk_mem_gen_prim_width__parameterized51
INFO: [VRFC 10-311] analyzing module ila_1_blk_mem_gen_v8_4_5_blk_mem_gen_prim_width__parameterized52
INFO: [VRFC 10-311] analyzing module ila_1_blk_mem_gen_v8_4_5_blk_mem_gen_prim_width__parameterized53
INFO: [VRFC 10-311] analyzing module ila_1_blk_mem_gen_v8_4_5_blk_mem_gen_prim_width__parameterized54
INFO: [VRFC 10-311] analyzing module ila_1_blk_mem_gen_v8_4_5_blk_mem_gen_prim_width__parameterized55
INFO: [VRFC 10-311] analyzing module ila_1_blk_mem_gen_v8_4_5_blk_mem_gen_prim_width__parameterized56
INFO: [VRFC 10-311] analyzing module ila_1_blk_mem_gen_v8_4_5_blk_mem_gen_prim_width__parameterized57
INFO: [VRFC 10-311] analyzing module ila_1_blk_mem_gen_v8_4_5_blk_mem_gen_prim_width__parameterized58
INFO: [VRFC 10-311] analyzing module ila_1_blk_mem_gen_v8_4_5_blk_mem_gen_prim_width__parameterized59
INFO: [VRFC 10-311] analyzing module ila_1_blk_mem_gen_v8_4_5_blk_mem_gen_prim_width__parameterized6
INFO: [VRFC 10-311] analyzing module ila_1_blk_mem_gen_v8_4_5_blk_mem_gen_prim_width__parameterized60
INFO: [VRFC 10-311] analyzing module ila_1_blk_mem_gen_v8_4_5_blk_mem_gen_prim_width__parameterized61
INFO: [VRFC 10-311] analyzing module ila_1_blk_mem_gen_v8_4_5_blk_mem_gen_prim_width__parameterized62
INFO: [VRFC 10-311] analyzing module ila_1_blk_mem_gen_v8_4_5_blk_mem_gen_prim_width__parameterized7
INFO: [VRFC 10-311] analyzing module ila_1_blk_mem_gen_v8_4_5_blk_mem_gen_prim_width__parameterized8
INFO: [VRFC 10-311] analyzing module ila_1_blk_mem_gen_v8_4_5_blk_mem_gen_prim_width__parameterized9
INFO: [VRFC 10-311] analyzing module ila_1_blk_mem_gen_v8_4_5_blk_mem_gen_prim_wrapper
INFO: [VRFC 10-311] analyzing module ila_1_blk_mem_gen_v8_4_5_blk_mem_gen_prim_wrapper__parameterized0
INFO: [VRFC 10-311] analyzing module ila_1_blk_mem_gen_v8_4_5_blk_mem_gen_prim_wrapper__parameterized1
INFO: [VRFC 10-311] analyzing module ila_1_blk_mem_gen_v8_4_5_blk_mem_gen_prim_wrapper__parameterized10
INFO: [VRFC 10-311] analyzing module ila_1_blk_mem_gen_v8_4_5_blk_mem_gen_prim_wrapper__parameterized11
INFO: [VRFC 10-311] analyzing module ila_1_blk_mem_gen_v8_4_5_blk_mem_gen_prim_wrapper__parameterized12
INFO: [VRFC 10-311] analyzing module ila_1_blk_mem_gen_v8_4_5_blk_mem_gen_prim_wrapper__parameterized13
INFO: [VRFC 10-311] analyzing module ila_1_blk_mem_gen_v8_4_5_blk_mem_gen_prim_wrapper__parameterized14
INFO: [VRFC 10-311] analyzing module ila_1_blk_mem_gen_v8_4_5_blk_mem_gen_prim_wrapper__parameterized15
INFO: [VRFC 10-311] analyzing module ila_1_blk_mem_gen_v8_4_5_blk_mem_gen_prim_wrapper__parameterized16
INFO: [VRFC 10-311] analyzing module ila_1_blk_mem_gen_v8_4_5_blk_mem_gen_prim_wrapper__parameterized17
INFO: [VRFC 10-311] analyzing module ila_1_blk_mem_gen_v8_4_5_blk_mem_gen_prim_wrapper__parameterized18
INFO: [VRFC 10-311] analyzing module ila_1_blk_mem_gen_v8_4_5_blk_mem_gen_prim_wrapper__parameterized19
INFO: [VRFC 10-311] analyzing module ila_1_blk_mem_gen_v8_4_5_blk_mem_gen_prim_wrapper__parameterized2
INFO: [VRFC 10-311] analyzing module ila_1_blk_mem_gen_v8_4_5_blk_mem_gen_prim_wrapper__parameterized20
INFO: [VRFC 10-311] analyzing module ila_1_blk_mem_gen_v8_4_5_blk_mem_gen_prim_wrapper__parameterized21
INFO: [VRFC 10-311] analyzing module ila_1_blk_mem_gen_v8_4_5_blk_mem_gen_prim_wrapper__parameterized22
INFO: [VRFC 10-311] analyzing module ila_1_blk_mem_gen_v8_4_5_blk_mem_gen_prim_wrapper__parameterized23
INFO: [VRFC 10-311] analyzing module ila_1_blk_mem_gen_v8_4_5_blk_mem_gen_prim_wrapper__parameterized24
INFO: [VRFC 10-311] analyzing module ila_1_blk_mem_gen_v8_4_5_blk_mem_gen_prim_wrapper__parameterized25
INFO: [VRFC 10-311] analyzing module ila_1_blk_mem_gen_v8_4_5_blk_mem_gen_prim_wrapper__parameterized26
INFO: [VRFC 10-311] analyzing module ila_1_blk_mem_gen_v8_4_5_blk_mem_gen_prim_wrapper__parameterized27
INFO: [VRFC 10-311] analyzing module ila_1_blk_mem_gen_v8_4_5_blk_mem_gen_prim_wrapper__parameterized28
INFO: [VRFC 10-311] analyzing module ila_1_blk_mem_gen_v8_4_5_blk_mem_gen_prim_wrapper__parameterized29
INFO: [VRFC 10-311] analyzing module ila_1_blk_mem_gen_v8_4_5_blk_mem_gen_prim_wrapper__parameterized3
INFO: [VRFC 10-311] analyzing module ila_1_blk_mem_gen_v8_4_5_blk_mem_gen_prim_wrapper__parameterized30
INFO: [VRFC 10-311] analyzing module ila_1_blk_mem_gen_v8_4_5_blk_mem_gen_prim_wrapper__parameterized31
INFO: [VRFC 10-311] analyzing module ila_1_blk_mem_gen_v8_4_5_blk_mem_gen_prim_wrapper__parameterized32
INFO: [VRFC 10-311] analyzing module ila_1_blk_mem_gen_v8_4_5_blk_mem_gen_prim_wrapper__parameterized33
INFO: [VRFC 10-311] analyzing module ila_1_blk_mem_gen_v8_4_5_blk_mem_gen_prim_wrapper__parameterized34
INFO: [VRFC 10-311] analyzing module ila_1_blk_mem_gen_v8_4_5_blk_mem_gen_prim_wrapper__parameterized35
INFO: [VRFC 10-311] analyzing module ila_1_blk_mem_gen_v8_4_5_blk_mem_gen_prim_wrapper__parameterized36
INFO: [VRFC 10-311] analyzing module ila_1_blk_mem_gen_v8_4_5_blk_mem_gen_prim_wrapper__parameterized37
INFO: [VRFC 10-311] analyzing module ila_1_blk_mem_gen_v8_4_5_blk_mem_gen_prim_wrapper__parameterized38
INFO: [VRFC 10-311] analyzing module ila_1_blk_mem_gen_v8_4_5_blk_mem_gen_prim_wrapper__parameterized39
INFO: [VRFC 10-311] analyzing module ila_1_blk_mem_gen_v8_4_5_blk_mem_gen_prim_wrapper__parameterized4
INFO: [VRFC 10-311] analyzing module ila_1_blk_mem_gen_v8_4_5_blk_mem_gen_prim_wrapper__parameterized40
INFO: [VRFC 10-311] analyzing module ila_1_blk_mem_gen_v8_4_5_blk_mem_gen_prim_wrapper__parameterized41
INFO: [VRFC 10-311] analyzing module ila_1_blk_mem_gen_v8_4_5_blk_mem_gen_prim_wrapper__parameterized42
INFO: [VRFC 10-311] analyzing module ila_1_blk_mem_gen_v8_4_5_blk_mem_gen_prim_wrapper__parameterized43
INFO: [VRFC 10-311] analyzing module ila_1_blk_mem_gen_v8_4_5_blk_mem_gen_prim_wrapper__parameterized44
INFO: [VRFC 10-311] analyzing module ila_1_blk_mem_gen_v8_4_5_blk_mem_gen_prim_wrapper__parameterized45
INFO: [VRFC 10-311] analyzing module ila_1_blk_mem_gen_v8_4_5_blk_mem_gen_prim_wrapper__parameterized46
INFO: [VRFC 10-311] analyzing module ila_1_blk_mem_gen_v8_4_5_blk_mem_gen_prim_wrapper__parameterized47
INFO: [VRFC 10-311] analyzing module ila_1_blk_mem_gen_v8_4_5_blk_mem_gen_prim_wrapper__parameterized48
INFO: [VRFC 10-311] analyzing module ila_1_blk_mem_gen_v8_4_5_blk_mem_gen_prim_wrapper__parameterized49
INFO: [VRFC 10-311] analyzing module ila_1_blk_mem_gen_v8_4_5_blk_mem_gen_prim_wrapper__parameterized5
INFO: [VRFC 10-311] analyzing module ila_1_blk_mem_gen_v8_4_5_blk_mem_gen_prim_wrapper__parameterized50
INFO: [VRFC 10-311] analyzing module ila_1_blk_mem_gen_v8_4_5_blk_mem_gen_prim_wrapper__parameterized51
INFO: [VRFC 10-311] analyzing module ila_1_blk_mem_gen_v8_4_5_blk_mem_gen_prim_wrapper__parameterized52
INFO: [VRFC 10-311] analyzing module ila_1_blk_mem_gen_v8_4_5_blk_mem_gen_prim_wrapper__parameterized53
INFO: [VRFC 10-311] analyzing module ila_1_blk_mem_gen_v8_4_5_blk_mem_gen_prim_wrapper__parameterized54
INFO: [VRFC 10-311] analyzing module ila_1_blk_mem_gen_v8_4_5_blk_mem_gen_prim_wrapper__parameterized55
INFO: [VRFC 10-311] analyzing module ila_1_blk_mem_gen_v8_4_5_blk_mem_gen_prim_wrapper__parameterized56
INFO: [VRFC 10-311] analyzing module ila_1_blk_mem_gen_v8_4_5_blk_mem_gen_prim_wrapper__parameterized57
INFO: [VRFC 10-311] analyzing module ila_1_blk_mem_gen_v8_4_5_blk_mem_gen_prim_wrapper__parameterized58
INFO: [VRFC 10-311] analyzing module ila_1_blk_mem_gen_v8_4_5_blk_mem_gen_prim_wrapper__parameterized59
INFO: [VRFC 10-311] analyzing module ila_1_blk_mem_gen_v8_4_5_blk_mem_gen_prim_wrapper__parameterized6
INFO: [VRFC 10-311] analyzing module ila_1_blk_mem_gen_v8_4_5_blk_mem_gen_prim_wrapper__parameterized60
INFO: [VRFC 10-311] analyzing module ila_1_blk_mem_gen_v8_4_5_blk_mem_gen_prim_wrapper__parameterized61
INFO: [VRFC 10-311] analyzing module ila_1_blk_mem_gen_v8_4_5_blk_mem_gen_prim_wrapper__parameterized62
INFO: [VRFC 10-311] analyzing module ila_1_blk_mem_gen_v8_4_5_blk_mem_gen_prim_wrapper__parameterized7
INFO: [VRFC 10-311] analyzing module ila_1_blk_mem_gen_v8_4_5_blk_mem_gen_prim_wrapper__parameterized8
INFO: [VRFC 10-311] analyzing module ila_1_blk_mem_gen_v8_4_5_blk_mem_gen_prim_wrapper__parameterized9
INFO: [VRFC 10-311] analyzing module ila_1_blk_mem_gen_v8_4_5_blk_mem_gen_top
INFO: [VRFC 10-311] analyzing module ila_1_blk_mem_gen_v8_4_5_synth
INFO: [VRFC 10-311] analyzing module glbl
INFO: [VRFC 10-2263] Analyzing Verilog file "C:/Users/RisingEntropy/Documents/Projects/FPGA/SPI/SPI.srcs/sim_1/new/FFTTest_tb.v" into library xil_defaultlib
INFO: [VRFC 10-311] analyzing module FFTTest_tb
INFO: [VRFC 10-2263] Analyzing Verilog file "C:/Users/RisingEntropy/Documents/Projects/FPGA/SPI/SPI.srcs/sim_1/new/SPI_tb.v" into library xil_defaultlib
INFO: [VRFC 10-311] analyzing module SPI_tb
INFO: [VRFC 10-2263] Analyzing Verilog file "C:/Users/RisingEntropy/Documents/Projects/FPGA/SPI/SPI.srcs/sim_1/new/FrequencyScanner_tb.v" into library xil_defaultlib
INFO: [VRFC 10-311] analyzing module FrequencyScanner_tb
