
*** Running vivado
    with args -log SignalSplitter.vdi -applog -m64 -product Vivado -messageDb vivado.pb -mode batch -source SignalSplitter.tcl -notrace



****** Vivado v2022.1 (64-bit)
  **** SW Build 3526262 on Mon Apr 18 15:48:16 MDT 2022
  **** IP Build 3524634 on Mon Apr 18 20:55:01 MDT 2022
    ** Copyright 1986-2022 Xilinx, Inc. All Rights Reserved.

source SignalSplitter.tcl -notrace
INFO: [IP_Flow 19-234] Refreshing IP repositories
INFO: [IP_Flow 19-1700] Loaded user IP repository 'd:/EEDesigning/2023/FPGA/FFTModule/IP'.
INFO: [IP_Flow 19-1700] Loaded user IP repository 'd:/EEDesigning/2023/FPGA/MultiDemodulationReceiverIP'.
INFO: [IP_Flow 19-1700] Loaded user IP repository 'd:/EEDesigning/2023/Decimator'.
INFO: [IP_Flow 19-2313] Loaded Vivado IP repository 'C:/Xilinx/Vivado/2022.1/data/ip'.
Command: link_design -top SignalSplitter -part xc7k70tfbg484-2
Design is defaulting to srcset: sources_1
Design is defaulting to constrset: constrs_1
INFO: [Device 21-403] Loading part xc7k70tfbg484-2
INFO: [Project 1-454] Reading design checkpoint 'c:/Users/RisingEntropy/Documents/Projects/FPGA/SPI/SPI.gen/sources_1/ip/SignalSplitter_ila/SignalSplitter_ila.dcp' for cell 'ila'
INFO: [Project 1-454] Reading design checkpoint 'c:/Users/RisingEntropy/Documents/Projects/FPGA/SPI/SPI.gen/sources_1/ip/rom_sine/rom_sine.dcp' for cell 'dds1/sine/rom'
INFO: [Project 1-454] Reading design checkpoint 'c:/Users/RisingEntropy/Documents/Projects/FPGA/SPI/SPI.gen/sources_1/ip/fifo_generator_0/fifo_generator_0.dcp' for cell 'decimator_buffer/fifo'
Netlist sorting complete. Time (s): cpu = 00:00:01 ; elapsed = 00:00:00.066 . Memory (MB): peak = 1636.988 ; gain = 0.000
INFO: [Netlist 29-17] Analyzing 391 Unisim elements for replacement
INFO: [Netlist 29-28] Unisim Transformation completed in 0 CPU seconds
INFO: [Project 1-479] Netlist was created with Vivado 2022.1
INFO: [Project 1-570] Preparing netlist for logic optimization
INFO: [Chipscope 16-324] Core: ila UUID: 901a5f55-8b29-50a8-8131-f43987f6be78 
Parsing XDC File [c:/Users/RisingEntropy/Documents/Projects/FPGA/SPI/SPI.gen/sources_1/ip/SignalSplitter_ila/ila_v6_2/constraints/ila_impl.xdc] for cell 'ila/inst'
Finished Parsing XDC File [c:/Users/RisingEntropy/Documents/Projects/FPGA/SPI/SPI.gen/sources_1/ip/SignalSplitter_ila/ila_v6_2/constraints/ila_impl.xdc] for cell 'ila/inst'
Parsing XDC File [c:/Users/RisingEntropy/Documents/Projects/FPGA/SPI/SPI.gen/sources_1/ip/SignalSplitter_ila/ila_v6_2/constraints/ila.xdc] for cell 'ila/inst'
Finished Parsing XDC File [c:/Users/RisingEntropy/Documents/Projects/FPGA/SPI/SPI.gen/sources_1/ip/SignalSplitter_ila/ila_v6_2/constraints/ila.xdc] for cell 'ila/inst'
Parsing XDC File [c:/Users/RisingEntropy/Documents/Projects/FPGA/SPI/SPI.gen/sources_1/ip/fifo_generator_0/fifo_generator_0.xdc] for cell 'decimator_buffer/fifo/U0'
Finished Parsing XDC File [c:/Users/RisingEntropy/Documents/Projects/FPGA/SPI/SPI.gen/sources_1/ip/fifo_generator_0/fifo_generator_0.xdc] for cell 'decimator_buffer/fifo/U0'
Parsing XDC File [C:/Users/RisingEntropy/Documents/Projects/FPGA/SPI/SPI.srcs/constrs_1/new/constraints1.xdc]
CRITICAL WARNING: [Netlist 29-154] Cannot set property 'BITSTREAM.CONFIG.SPI_BUSWIDTH' because incorrect value '8' specified. Expecting type 'enum' with possible values of 'NONE,1,2,4'. [C:/Users/RisingEntropy/Documents/Projects/FPGA/SPI/SPI.srcs/constrs_1/new/constraints1.xdc:128]
Resolution: Please check the value of the property and set to a correct value.
Finished Parsing XDC File [C:/Users/RisingEntropy/Documents/Projects/FPGA/SPI/SPI.srcs/constrs_1/new/constraints1.xdc]
INFO: [Opt 31-138] Pushed 0 inverter(s) to 0 load pin(s).
Netlist sorting complete. Time (s): cpu = 00:00:00 ; elapsed = 00:00:00.003 . Memory (MB): peak = 1636.988 ; gain = 0.000
INFO: [Project 1-111] Unisim Transformation Summary:
  A total of 52 instances were transformed.
  CFGLUT5 => CFGLUT5 (SRL16E, SRLC32E): 52 instances

16 Infos, 0 Warnings, 1 Critical Warnings and 0 Errors encountered.
link_design completed successfully
link_design: Time (s): cpu = 00:00:02 ; elapsed = 00:00:06 . Memory (MB): peak = 1636.988 ; gain = 0.000
INFO: [Common 17-600] The following parameters have non-default value.
tcl.collectionResultDisplayLimit
Command: opt_design
Attempting to get a license for feature 'Implementation' and/or device 'xc7k70t'
INFO: [Common 17-349] Got license for feature 'Implementation' and/or device 'xc7k70t'
Running DRC as a precondition to command opt_design

Starting DRC Task
INFO: [DRC 23-27] Running DRC with 2 threads
INFO: [Project 1-461] DRC finished with 0 Errors
INFO: [Project 1-462] Please refer to the DRC report (report_drc) for more information.

Time (s): cpu = 00:00:01 ; elapsed = 00:00:00.641 . Memory (MB): peak = 1636.988 ; gain = 0.000

Starting Cache Timing Information Task
INFO: [Timing 38-35] Done setting XDC timing constraints.
Ending Cache Timing Information Task | Checksum: 137dd2963

Time (s): cpu = 00:00:03 ; elapsed = 00:00:05 . Memory (MB): peak = 1938.223 ; gain = 301.234

Starting Logic Optimization Task

Phase 1 Generate And Synthesize Debug Cores
INFO: [Chipscope 16-329] Generating Script for core instance : dbg_hub 
INFO: [IP_Flow 19-3806] Processing IP xilinx.com:ip:xsdbm:3.0 for cell dbg_hub_CV.
INFO: [Chipscope 16-469] Using cached IP synthesis design for IP xilinx.com:ip:xsdbm:3.0, cache-ID = 2387c79298afc95b.
Netlist sorting complete. Time (s): cpu = 00:00:00 ; elapsed = 00:00:00.019 . Memory (MB): peak = 2291.129 ; gain = 0.000
Phase 1 Generate And Synthesize Debug Cores | Checksum: 84e423d4

Time (s): cpu = 00:00:00 ; elapsed = 00:00:13 . Memory (MB): peak = 2291.129 ; gain = 44.941

Phase 2 Retarget
INFO: [Opt 31-138] Pushed 2 inverter(s) to 4 load pin(s).
In IDDR TRANSFORM
INFO: [Opt 31-49] Retargeted 0 cell(s).
Phase 2 Retarget | Checksum: 1dc04f53

Time (s): cpu = 00:00:00 ; elapsed = 00:00:13 . Memory (MB): peak = 2291.129 ; gain = 44.941
INFO: [Opt 31-389] Phase Retarget created 5 cells and removed 15 cells
INFO: [Opt 31-1021] In phase Retarget, 115 netlist objects are constrained preventing optimization. Please run opt_design with -debug_log to get more detail. 

Phase 3 Constant propagation
INFO: [Opt 31-138] Pushed 0 inverter(s) to 0 load pin(s).
Phase 3 Constant propagation | Checksum: 11454ebb9

Time (s): cpu = 00:00:00 ; elapsed = 00:00:13 . Memory (MB): peak = 2291.129 ; gain = 44.941
INFO: [Opt 31-389] Phase Constant propagation created 0 cells and removed 16 cells
INFO: [Opt 31-1021] In phase Constant propagation, 55 netlist objects are constrained preventing optimization. Please run opt_design with -debug_log to get more detail. 

Phase 4 Sweep
Phase 4 Sweep | Checksum: a9be5e49

Time (s): cpu = 00:00:01 ; elapsed = 00:00:13 . Memory (MB): peak = 2291.129 ; gain = 44.941
INFO: [Opt 31-389] Phase Sweep created 0 cells and removed 47 cells
INFO: [Opt 31-1021] In phase Sweep, 927 netlist objects are constrained preventing optimization. Please run opt_design with -debug_log to get more detail. 

Phase 5 BUFG optimization
Phase 5 BUFG optimization | Checksum: a9be5e49

Time (s): cpu = 00:00:01 ; elapsed = 00:00:13 . Memory (MB): peak = 2291.129 ; gain = 44.941
INFO: [Opt 31-662] Phase BUFG optimization created 0 cells of which 0 are BUFGs and removed 0 cells.

Phase 6 Shift Register Optimization
INFO: [Opt 31-1064] SRL Remap converted 0 SRLs to 0 registers and converted 0 registers of register chains to 0 SRLs
Phase 6 Shift Register Optimization | Checksum: a9be5e49

Time (s): cpu = 00:00:01 ; elapsed = 00:00:13 . Memory (MB): peak = 2291.129 ; gain = 44.941
INFO: [Opt 31-389] Phase Shift Register Optimization created 0 cells and removed 0 cells

Phase 7 Post Processing Netlist
Phase 7 Post Processing Netlist | Checksum: a9be5e49

Time (s): cpu = 00:00:01 ; elapsed = 00:00:13 . Memory (MB): peak = 2291.129 ; gain = 44.941
INFO: [Opt 31-389] Phase Post Processing Netlist created 0 cells and removed 0 cells
INFO: [Opt 31-1021] In phase Post Processing Netlist, 64 netlist objects are constrained preventing optimization. Please run opt_design with -debug_log to get more detail. 
Opt_design Change Summary
=========================


-------------------------------------------------------------------------------------------------------------------------
|  Phase                        |  #Cells created  |  #Cells Removed  |  #Constrained objects preventing optimizations  |
-------------------------------------------------------------------------------------------------------------------------
|  Retarget                     |               5  |              15  |                                            115  |
|  Constant propagation         |               0  |              16  |                                             55  |
|  Sweep                        |               0  |              47  |                                            927  |
|  BUFG optimization            |               0  |               0  |                                              0  |
|  Shift Register Optimization  |               0  |               0  |                                              0  |
|  Post Processing Netlist      |               0  |               0  |                                             64  |
-------------------------------------------------------------------------------------------------------------------------



Starting Connectivity Check Task

Time (s): cpu = 00:00:00 ; elapsed = 00:00:00.005 . Memory (MB): peak = 2291.129 ; gain = 0.000
Ending Logic Optimization Task | Checksum: 4d1f5765

Time (s): cpu = 00:00:01 ; elapsed = 00:00:14 . Memory (MB): peak = 2291.129 ; gain = 44.941

Starting Power Optimization Task
INFO: [Pwropt 34-132] Skipping clock gating for clocks with a period < 2.00 ns.
INFO: [Timing 38-35] Done setting XDC timing constraints.
Running Vector-less Activity Propagation...

Finished Running Vector-less Activity Propagation
INFO: [Pwropt 34-9] Applying IDT optimizations ...
INFO: [Pwropt 34-10] Applying ODC optimizations ...


Starting PowerOpt Patch Enables Task
INFO: [Pwropt 34-162] WRITE_MODE attribute of 2 BRAM(s) out of a total of 104 has been updated to save power. Run report_power_opt to get a complete listing of the BRAMs updated.
INFO: [Pwropt 34-201] Structural ODC has moved 0 WE to EN ports
Number of BRAM Ports augmented: 188 newly gated: 0 Total Ports: 208
Number of Flops added for Enable Generation: 11

Ending PowerOpt Patch Enables Task | Checksum: 100b27f6e

Time (s): cpu = 00:00:01 ; elapsed = 00:00:00.506 . Memory (MB): peak = 2556.582 ; gain = 0.000
Ending Power Optimization Task | Checksum: 100b27f6e

Time (s): cpu = 00:00:05 ; elapsed = 00:00:08 . Memory (MB): peak = 2556.582 ; gain = 265.453

Starting Final Cleanup Task

Starting Logic Optimization Task
INFO: [Timing 38-35] Done setting XDC timing constraints.
Ending Logic Optimization Task | Checksum: f5917ce3

Time (s): cpu = 00:00:00 ; elapsed = 00:00:00.439 . Memory (MB): peak = 2556.582 ; gain = 0.000
Ending Final Cleanup Task | Checksum: f5917ce3

Time (s): cpu = 00:00:01 ; elapsed = 00:00:02 . Memory (MB): peak = 2556.582 ; gain = 0.000

Starting Netlist Obfuscation Task
Netlist sorting complete. Time (s): cpu = 00:00:00 ; elapsed = 00:00:00.003 . Memory (MB): peak = 2556.582 ; gain = 0.000
Ending Netlist Obfuscation Task | Checksum: f5917ce3

Time (s): cpu = 00:00:00 ; elapsed = 00:00:00.004 . Memory (MB): peak = 2556.582 ; gain = 0.000
INFO: [Common 17-83] Releasing license: Implementation
50 Infos, 0 Warnings, 1 Critical Warnings and 0 Errors encountered.
opt_design completed successfully
opt_design: Time (s): cpu = 00:00:12 ; elapsed = 00:00:31 . Memory (MB): peak = 2556.582 ; gain = 919.594
INFO: [Common 17-600] The following parameters have non-default value.
tcl.collectionResultDisplayLimit
INFO: [Timing 38-35] Done setting XDC timing constraints.
INFO: [Timing 38-480] Writing timing data to binary archive.
Writing XDEF routing.
Writing XDEF routing logical nets.
Writing XDEF routing special nets.
Write XDEF Complete: Time (s): cpu = 00:00:00 ; elapsed = 00:00:00.023 . Memory (MB): peak = 2556.582 ; gain = 0.000
INFO: [Common 17-1381] The checkpoint 'C:/Users/RisingEntropy/Documents/Projects/FPGA/SPI/SPI.runs/impl_1/SignalSplitter_opt.dcp' has been generated.
INFO: [runtcl-4] Executing : report_drc -file SignalSplitter_drc_opted.rpt -pb SignalSplitter_drc_opted.pb -rpx SignalSplitter_drc_opted.rpx
Command: report_drc -file SignalSplitter_drc_opted.rpt -pb SignalSplitter_drc_opted.pb -rpx SignalSplitter_drc_opted.rpx
INFO: [IP_Flow 19-1839] IP Catalog is up to date.
INFO: [DRC 23-27] Running DRC with 2 threads
INFO: [Vivado_Tcl 2-168] The results of DRC are in file C:/Users/RisingEntropy/Documents/Projects/FPGA/SPI/SPI.runs/impl_1/SignalSplitter_drc_opted.rpt.
report_drc completed successfully
INFO: [Chipscope 16-240] Debug cores have already been implemented
Command: place_design
Attempting to get a license for feature 'Implementation' and/or device 'xc7k70t'
INFO: [Common 17-349] Got license for feature 'Implementation' and/or device 'xc7k70t'
INFO: [DRC 23-27] Running DRC with 2 threads
INFO: [Vivado_Tcl 4-198] DRC finished with 0 Errors
INFO: [Vivado_Tcl 4-199] Please refer to the DRC report (report_drc) for more information.
Running DRC as a precondition to command place_design
INFO: [DRC 23-27] Running DRC with 2 threads
INFO: [Vivado_Tcl 4-198] DRC finished with 0 Errors, 6 Warnings
INFO: [Vivado_Tcl 4-199] Please refer to the DRC report (report_drc) for more information.

Starting Placer Task
INFO: [Place 30-611] Multithreading enabled for place_design using a maximum of 2 CPUs

Phase 1 Placer Initialization

Phase 1.1 Placer Initialization Netlist Sorting
Netlist sorting complete. Time (s): cpu = 00:00:00 ; elapsed = 00:00:00.003 . Memory (MB): peak = 2556.582 ; gain = 0.000
Phase 1.1 Placer Initialization Netlist Sorting | Checksum: 98ddbeca

Time (s): cpu = 00:00:00 ; elapsed = 00:00:00.007 . Memory (MB): peak = 2556.582 ; gain = 0.000
Netlist sorting complete. Time (s): cpu = 00:00:00 ; elapsed = 00:00:00.003 . Memory (MB): peak = 2556.582 ; gain = 0.000

Phase 1.2 IO Placement/ Clock Placement/ Build Placer Device
Phase 1.2 IO Placement/ Clock Placement/ Build Placer Device | Checksum: a5b0d6fa

Time (s): cpu = 00:00:00 ; elapsed = 00:00:00.258 . Memory (MB): peak = 2556.582 ; gain = 0.000

Phase 1.3 Build Placer Netlist Model
Phase 1.3 Build Placer Netlist Model | Checksum: 121578ab0

Time (s): cpu = 00:00:00 ; elapsed = 00:00:01 . Memory (MB): peak = 2556.582 ; gain = 0.000

Phase 1.4 Constrain Clocks/Macros
Phase 1.4 Constrain Clocks/Macros | Checksum: 121578ab0

Time (s): cpu = 00:00:00 ; elapsed = 00:00:01 . Memory (MB): peak = 2556.582 ; gain = 0.000
Phase 1 Placer Initialization | Checksum: 121578ab0

Time (s): cpu = 00:00:00 ; elapsed = 00:00:01 . Memory (MB): peak = 2556.582 ; gain = 0.000

Phase 2 Global Placement

Phase 2.1 Floorplanning
Phase 2.1 Floorplanning | Checksum: b9671d8c

Time (s): cpu = 00:00:01 ; elapsed = 00:00:01 . Memory (MB): peak = 2556.582 ; gain = 0.000

Phase 2.2 Update Timing before SLR Path Opt
Phase 2.2 Update Timing before SLR Path Opt | Checksum: 1457efb25

Time (s): cpu = 00:00:01 ; elapsed = 00:00:01 . Memory (MB): peak = 2556.582 ; gain = 0.000

Phase 2.3 Post-Processing in Floorplanning
Phase 2.3 Post-Processing in Floorplanning | Checksum: 1457efb25

Time (s): cpu = 00:00:01 ; elapsed = 00:00:01 . Memory (MB): peak = 2556.582 ; gain = 0.000

Phase 2.4 Global Placement Core

Phase 2.4.1 Physical Synthesis In Placer
INFO: [Physopt 32-1035] Found 0 LUTNM shape to break, 259 LUT instances to create LUTNM shape
INFO: [Physopt 32-1044] Break lutnm for timing: one critical 0, two critical 0, total 0, new lutff created 0
INFO: [Physopt 32-1138] End 1 Pass. Optimized 119 nets or LUTs. Breaked 0 LUT, combined 119 existing LUTs and moved 0 existing LUT
INFO: [Physopt 32-65] No nets found for high-fanout optimization.
INFO: [Physopt 32-232] Optimized 0 net. Created 0 new instance.
INFO: [Physopt 32-775] End 1 Pass. Optimized 0 net or cell. Created 0 new cell, deleted 0 existing cell and moved 0 existing cell
INFO: [Physopt 32-670] No setup violation found.  DSP Register Optimization was not performed.
INFO: [Physopt 32-670] No setup violation found.  Shift Register to Pipeline Optimization was not performed.
INFO: [Physopt 32-670] No setup violation found.  Shift Register Optimization was not performed.
INFO: [Physopt 32-670] No setup violation found.  BRAM Register Optimization was not performed.
INFO: [Physopt 32-670] No setup violation found.  URAM Register Optimization was not performed.
INFO: [Physopt 32-949] No candidate nets found for dynamic/static region interface net replication
INFO: [Physopt 32-775] End 1 Pass. Optimized 0 net or cell. Created 0 new cell, deleted 0 existing cell and moved 0 existing cell
Netlist sorting complete. Time (s): cpu = 00:00:00 ; elapsed = 00:00:00.004 . Memory (MB): peak = 2556.582 ; gain = 0.000

Summary of Physical Synthesis Optimizations
============================================


-----------------------------------------------------------------------------------------------------------------------------------------------------------
|  Optimization                                     |  Added Cells  |  Removed Cells  |  Optimized Cells/Nets  |  Dont Touch  |  Iterations  |  Elapsed   |
-----------------------------------------------------------------------------------------------------------------------------------------------------------
|  LUT Combining                                    |            0  |            119  |                   119  |           0  |           1  |  00:00:00  |
|  Retime                                           |            0  |              0  |                     0  |           0  |           1  |  00:00:00  |
|  Very High Fanout                                 |            0  |              0  |                     0  |           0  |           1  |  00:00:00  |
|  DSP Register                                     |            0  |              0  |                     0  |           0  |           0  |  00:00:00  |
|  Shift Register to Pipeline                       |            0  |              0  |                     0  |           0  |           0  |  00:00:00  |
|  Shift Register                                   |            0  |              0  |                     0  |           0  |           0  |  00:00:00  |
|  BRAM Register                                    |            0  |              0  |                     0  |           0  |           0  |  00:00:00  |
|  URAM Register                                    |            0  |              0  |                     0  |           0  |           0  |  00:00:00  |
|  Dynamic/Static Region Interface Net Replication  |            0  |              0  |                     0  |           0  |           1  |  00:00:00  |
|  Total                                            |            0  |            119  |                   119  |           0  |           4  |  00:00:00  |
-----------------------------------------------------------------------------------------------------------------------------------------------------------


Phase 2.4.1 Physical Synthesis In Placer | Checksum: f3b10441

Time (s): cpu = 00:00:02 ; elapsed = 00:00:04 . Memory (MB): peak = 2556.582 ; gain = 0.000
Phase 2.4 Global Placement Core | Checksum: 14a815203

Time (s): cpu = 00:00:02 ; elapsed = 00:00:04 . Memory (MB): peak = 2556.582 ; gain = 0.000
Phase 2 Global Placement | Checksum: 14a815203

Time (s): cpu = 00:00:02 ; elapsed = 00:00:04 . Memory (MB): peak = 2556.582 ; gain = 0.000

Phase 3 Detail Placement

Phase 3.1 Commit Multi Column Macros
Phase 3.1 Commit Multi Column Macros | Checksum: 1bc04a481

Time (s): cpu = 00:00:03 ; elapsed = 00:00:05 . Memory (MB): peak = 2556.582 ; gain = 0.000

Phase 3.2 Commit Most Macros & LUTRAMs
Phase 3.2 Commit Most Macros & LUTRAMs | Checksum: 193bcb9fc

Time (s): cpu = 00:00:03 ; elapsed = 00:00:05 . Memory (MB): peak = 2556.582 ; gain = 0.000

Phase 3.3 Area Swap Optimization
Phase 3.3 Area Swap Optimization | Checksum: 1b9cd932f

Time (s): cpu = 00:00:03 ; elapsed = 00:00:05 . Memory (MB): peak = 2556.582 ; gain = 0.000

Phase 3.4 Pipeline Register Optimization
Phase 3.4 Pipeline Register Optimization | Checksum: 1419f735f

Time (s): cpu = 00:00:03 ; elapsed = 00:00:05 . Memory (MB): peak = 2556.582 ; gain = 0.000

Phase 3.5 Small Shape Detail Placement
Phase 3.5 Small Shape Detail Placement | Checksum: 2191ffcf9

Time (s): cpu = 00:00:03 ; elapsed = 00:00:06 . Memory (MB): peak = 2556.582 ; gain = 0.000

Phase 3.6 Re-assign LUT pins
Phase 3.6 Re-assign LUT pins | Checksum: 1baa6a725

Time (s): cpu = 00:00:03 ; elapsed = 00:00:06 . Memory (MB): peak = 2556.582 ; gain = 0.000

Phase 3.7 Pipeline Register Optimization
Phase 3.7 Pipeline Register Optimization | Checksum: 142d8c6f5

Time (s): cpu = 00:00:03 ; elapsed = 00:00:06 . Memory (MB): peak = 2556.582 ; gain = 0.000
Phase 3 Detail Placement | Checksum: 142d8c6f5

Time (s): cpu = 00:00:03 ; elapsed = 00:00:06 . Memory (MB): peak = 2556.582 ; gain = 0.000

Phase 4 Post Placement Optimization and Clean-Up

Phase 4.1 Post Commit Optimization
INFO: [Timing 38-35] Done setting XDC timing constraints.

Phase 4.1.1 Post Placement Optimization
Post Placement Optimization Initialization | Checksum: 107106236

Phase 4.1.1.1 BUFG Insertion

Starting Physical Synthesis Task

Phase 1 Physical Synthesis Initialization
INFO: [Physopt 32-721] Multithreading enabled for phys_opt_design using a maximum of 2 CPUs
INFO: [Physopt 32-619] Estimated Timing Summary | WNS=9.863 | TNS=0.000 |
Phase 1 Physical Synthesis Initialization | Checksum: d4c6be96

Time (s): cpu = 00:00:00 ; elapsed = 00:00:00.199 . Memory (MB): peak = 2556.582 ; gain = 0.000
INFO: [Place 46-56] BUFG insertion identified 0 candidate nets. Inserted BUFG: 0, Replicated BUFG Driver: 0, Skipped due to Placement/Routing Conflicts: 0, Skipped due to Timing Degradation: 0, Skipped due to Illegal Netlist: 0.
Ending Physical Synthesis Task | Checksum: 11babaf1b

Time (s): cpu = 00:00:00 ; elapsed = 00:00:00.229 . Memory (MB): peak = 2556.582 ; gain = 0.000
Phase 4.1.1.1 BUFG Insertion | Checksum: 107106236

Time (s): cpu = 00:00:04 ; elapsed = 00:00:07 . Memory (MB): peak = 2556.582 ; gain = 0.000

Phase 4.1.1.2 Post Placement Timing Optimization
INFO: [Place 30-746] Post Placement Timing Summary WNS=9.863. For the most accurate timing information please run report_timing.
Phase 4.1.1.2 Post Placement Timing Optimization | Checksum: 133342424

Time (s): cpu = 00:00:04 ; elapsed = 00:00:07 . Memory (MB): peak = 2556.582 ; gain = 0.000

Time (s): cpu = 00:00:04 ; elapsed = 00:00:07 . Memory (MB): peak = 2556.582 ; gain = 0.000
Phase 4.1 Post Commit Optimization | Checksum: 133342424

Time (s): cpu = 00:00:04 ; elapsed = 00:00:07 . Memory (MB): peak = 2556.582 ; gain = 0.000

Phase 4.2 Post Placement Cleanup
Phase 4.2 Post Placement Cleanup | Checksum: 133342424

Time (s): cpu = 00:00:04 ; elapsed = 00:00:07 . Memory (MB): peak = 2556.582 ; gain = 0.000

Phase 4.3 Placer Reporting

Phase 4.3.1 Print Estimated Congestion
INFO: [Place 30-612] Post-Placement Estimated Congestion 
 ____________________________________________________
|           | Global Congestion | Short Congestion  |
| Direction | Region Size       | Region Size       |
|___________|___________________|___________________|
|      North|                1x1|                1x1|
|___________|___________________|___________________|
|      South|                1x1|                1x1|
|___________|___________________|___________________|
|       East|                1x1|                1x1|
|___________|___________________|___________________|
|       West|                1x1|                1x1|
|___________|___________________|___________________|

Phase 4.3.1 Print Estimated Congestion | Checksum: 133342424

Time (s): cpu = 00:00:04 ; elapsed = 00:00:07 . Memory (MB): peak = 2556.582 ; gain = 0.000
Phase 4.3 Placer Reporting | Checksum: 133342424

Time (s): cpu = 00:00:04 ; elapsed = 00:00:07 . Memory (MB): peak = 2556.582 ; gain = 0.000

Phase 4.4 Final Placement Cleanup
Netlist sorting complete. Time (s): cpu = 00:00:00 ; elapsed = 00:00:00.003 . Memory (MB): peak = 2556.582 ; gain = 0.000

Time (s): cpu = 00:00:04 ; elapsed = 00:00:07 . Memory (MB): peak = 2556.582 ; gain = 0.000
Phase 4 Post Placement Optimization and Clean-Up | Checksum: 17d4f95fe

Time (s): cpu = 00:00:04 ; elapsed = 00:00:08 . Memory (MB): peak = 2556.582 ; gain = 0.000
Ending Placer Task | Checksum: 1091362dc

Time (s): cpu = 00:00:04 ; elapsed = 00:00:08 . Memory (MB): peak = 2556.582 ; gain = 0.000
INFO: [Common 17-83] Releasing license: Implementation
87 Infos, 0 Warnings, 1 Critical Warnings and 0 Errors encountered.
place_design completed successfully
place_design: Time (s): cpu = 00:00:05 ; elapsed = 00:00:08 . Memory (MB): peak = 2556.582 ; gain = 0.000
INFO: [Timing 38-480] Writing timing data to binary archive.
Writing XDEF routing.
Writing XDEF routing logical nets.
Writing XDEF routing special nets.
Write XDEF Complete: Time (s): cpu = 00:00:01 ; elapsed = 00:00:00.278 . Memory (MB): peak = 2556.582 ; gain = 0.000
INFO: [Common 17-1381] The checkpoint 'C:/Users/RisingEntropy/Documents/Projects/FPGA/SPI/SPI.runs/impl_1/SignalSplitter_placed.dcp' has been generated.
INFO: [runtcl-4] Executing : report_io -file SignalSplitter_io_placed.rpt
report_io: Time (s): cpu = 00:00:00 ; elapsed = 00:00:00.052 . Memory (MB): peak = 2556.582 ; gain = 0.000
INFO: [runtcl-4] Executing : report_utilization -file SignalSplitter_utilization_placed.rpt -pb SignalSplitter_utilization_placed.pb
INFO: [runtcl-4] Executing : report_control_sets -verbose -file SignalSplitter_control_sets_placed.rpt
report_control_sets: Time (s): cpu = 00:00:00 ; elapsed = 00:00:00.015 . Memory (MB): peak = 2556.582 ; gain = 0.000
Command: phys_opt_design
Attempting to get a license for feature 'Implementation' and/or device 'xc7k70t'
INFO: [Common 17-349] Got license for feature 'Implementation' and/or device 'xc7k70t'
INFO: [Vivado_Tcl 4-383] Design worst setup slack (WNS) is greater than or equal to 0.000 ns. Skipping all physical synthesis optimizations.
INFO: [Vivado_Tcl 4-232] No setup violation found. The netlist was not modified.
INFO: [Common 17-83] Releasing license: Implementation
96 Infos, 0 Warnings, 1 Critical Warnings and 0 Errors encountered.
phys_opt_design completed successfully
INFO: [Timing 38-480] Writing timing data to binary archive.
Writing XDEF routing.
Writing XDEF routing logical nets.
Writing XDEF routing special nets.
Write XDEF Complete: Time (s): cpu = 00:00:00 ; elapsed = 00:00:00.254 . Memory (MB): peak = 2556.582 ; gain = 0.000
INFO: [Common 17-1381] The checkpoint 'C:/Users/RisingEntropy/Documents/Projects/FPGA/SPI/SPI.runs/impl_1/SignalSplitter_physopt.dcp' has been generated.
Command: route_design
Attempting to get a license for feature 'Implementation' and/or device 'xc7k70t'
INFO: [Common 17-349] Got license for feature 'Implementation' and/or device 'xc7k70t'
Running DRC as a precondition to command route_design
INFO: [DRC 23-27] Running DRC with 2 threads
INFO: [Vivado_Tcl 4-198] DRC finished with 0 Errors
INFO: [Vivado_Tcl 4-199] Please refer to the DRC report (report_drc) for more information.


Starting Routing Task
INFO: [Route 35-254] Multithreading enabled for route_design using a maximum of 2 CPUs

Phase 1 Build RT Design
Checksum: PlaceDB: 8efd61b9 ConstDB: 0 ShapeSum: 7a160123 RouteDB: 0
Post Restoration Checksum: NetGraph: 872be778 NumContArr: db1f20e2 Constraints: 0 Timing: 0
Phase 1 Build RT Design | Checksum: 1624b085a

Time (s): cpu = 00:00:05 ; elapsed = 00:00:07 . Memory (MB): peak = 2556.582 ; gain = 0.000

Phase 2 Router Initialization

Phase 2.1 Fix Topology Constraints
Phase 2.1 Fix Topology Constraints | Checksum: 1624b085a

Time (s): cpu = 00:00:05 ; elapsed = 00:00:07 . Memory (MB): peak = 2556.582 ; gain = 0.000

Phase 2.2 Pre Route Cleanup
Phase 2.2 Pre Route Cleanup | Checksum: 1624b085a

Time (s): cpu = 00:00:05 ; elapsed = 00:00:07 . Memory (MB): peak = 2556.582 ; gain = 0.000
 Number of Nodes with overlaps = 0

Phase 2.3 Update Timing
Phase 2.3 Update Timing | Checksum: 20633e5c3

Time (s): cpu = 00:00:05 ; elapsed = 00:00:08 . Memory (MB): peak = 2556.582 ; gain = 0.000
INFO: [Route 35-416] Intermediate Timing Summary | WNS=9.856  | TNS=0.000  | WHS=-0.246 | THS=-200.469|


Phase 2.4 Update Timing for Bus Skew

Phase 2.4.1 Update Timing
Phase 2.4.1 Update Timing | Checksum: 218f0edb4

Time (s): cpu = 00:00:06 ; elapsed = 00:00:09 . Memory (MB): peak = 2556.582 ; gain = 0.000
INFO: [Route 35-416] Intermediate Timing Summary | WNS=9.856  | TNS=0.000  | WHS=N/A    | THS=N/A    |

Phase 2.4 Update Timing for Bus Skew | Checksum: 23f78e81c

Time (s): cpu = 00:00:06 ; elapsed = 00:00:09 . Memory (MB): peak = 2556.582 ; gain = 0.000

Router Utilization Summary
  Global Vertical Routing Utilization    = 0 %
  Global Horizontal Routing Utilization  = 0 %
  Routable Net Status*
  *Does not include unroutable nets such as driverless and loadless.
  Run report_route_status for detailed report.
  Number of Failed Nets               = 4607
    (Failed Nets is the sum of unrouted and partially routed nets)
  Number of Unrouted Nets             = 4607
  Number of Partially Routed Nets     = 0
  Number of Node Overlaps             = 0

Phase 2 Router Initialization | Checksum: 1b8034ce5

Time (s): cpu = 00:00:06 ; elapsed = 00:00:09 . Memory (MB): peak = 2556.582 ; gain = 0.000

Phase 3 Initial Routing

Phase 3.1 Global Routing
Phase 3.1 Global Routing | Checksum: 1b8034ce5

Time (s): cpu = 00:00:06 ; elapsed = 00:00:09 . Memory (MB): peak = 2556.582 ; gain = 0.000
Phase 3 Initial Routing | Checksum: 18c35a1f2

Time (s): cpu = 00:00:08 ; elapsed = 00:00:12 . Memory (MB): peak = 2556.582 ; gain = 0.000

Phase 4 Rip-up And Reroute

Phase 4.1 Global Iteration 0
 Number of Nodes with overlaps = 188
 Number of Nodes with overlaps = 0
INFO: [Route 35-416] Intermediate Timing Summary | WNS=8.709  | TNS=0.000  | WHS=N/A    | THS=N/A    |

Phase 4.1 Global Iteration 0 | Checksum: e7cca79e

Time (s): cpu = 00:00:11 ; elapsed = 00:00:17 . Memory (MB): peak = 2557.668 ; gain = 1.086
Phase 4 Rip-up And Reroute | Checksum: e7cca79e

Time (s): cpu = 00:00:11 ; elapsed = 00:00:17 . Memory (MB): peak = 2557.668 ; gain = 1.086

Phase 5 Delay and Skew Optimization

Phase 5.1 Delay CleanUp
Phase 5.1 Delay CleanUp | Checksum: e7cca79e

Time (s): cpu = 00:00:11 ; elapsed = 00:00:17 . Memory (MB): peak = 2557.668 ; gain = 1.086

Phase 5.2 Clock Skew Optimization
Phase 5.2 Clock Skew Optimization | Checksum: e7cca79e

Time (s): cpu = 00:00:11 ; elapsed = 00:00:17 . Memory (MB): peak = 2557.668 ; gain = 1.086
Phase 5 Delay and Skew Optimization | Checksum: e7cca79e

Time (s): cpu = 00:00:11 ; elapsed = 00:00:17 . Memory (MB): peak = 2557.668 ; gain = 1.086

Phase 6 Post Hold Fix

Phase 6.1 Hold Fix Iter

Phase 6.1.1 Update Timing
Phase 6.1.1 Update Timing | Checksum: d940509a

Time (s): cpu = 00:00:11 ; elapsed = 00:00:17 . Memory (MB): peak = 2557.668 ; gain = 1.086
INFO: [Route 35-416] Intermediate Timing Summary | WNS=8.699  | TNS=0.000  | WHS=0.056  | THS=0.000  |

Phase 6.1 Hold Fix Iter | Checksum: 10ed70b64

Time (s): cpu = 00:00:11 ; elapsed = 00:00:17 . Memory (MB): peak = 2557.668 ; gain = 1.086
Phase 6 Post Hold Fix | Checksum: 10ed70b64

Time (s): cpu = 00:00:11 ; elapsed = 00:00:17 . Memory (MB): peak = 2557.668 ; gain = 1.086

Phase 7 Route finalize

Router Utilization Summary
  Global Vertical Routing Utilization    = 2.24772 %
  Global Horizontal Routing Utilization  = 1.91332 %
  Routable Net Status*
  *Does not include unroutable nets such as driverless and loadless.
  Run report_route_status for detailed report.
  Number of Failed Nets               = 0
    (Failed Nets is the sum of unrouted and partially routed nets)
  Number of Unrouted Nets             = 0
  Number of Partially Routed Nets     = 0
  Number of Node Overlaps             = 0

Phase 7 Route finalize | Checksum: 137a0891f

Time (s): cpu = 00:00:11 ; elapsed = 00:00:17 . Memory (MB): peak = 2557.668 ; gain = 1.086

Phase 8 Verifying routed nets

 Verification completed successfully
Phase 8 Verifying routed nets | Checksum: 137a0891f

Time (s): cpu = 00:00:11 ; elapsed = 00:00:17 . Memory (MB): peak = 2557.668 ; gain = 1.086

Phase 9 Depositing Routes
Phase 9 Depositing Routes | Checksum: 1e098fc01

Time (s): cpu = 00:00:11 ; elapsed = 00:00:18 . Memory (MB): peak = 2557.668 ; gain = 1.086

Phase 10 Post Router Timing
INFO: [Route 35-57] Estimated Timing Summary | WNS=8.699  | TNS=0.000  | WHS=0.056  | THS=0.000  |

INFO: [Route 35-327] The final timing numbers are based on the router estimated timing analysis. For a complete and accurate timing signoff, please run report_timing_summary.
Phase 10 Post Router Timing | Checksum: 1e098fc01

Time (s): cpu = 00:00:12 ; elapsed = 00:00:18 . Memory (MB): peak = 2557.668 ; gain = 1.086
INFO: [Route 35-16] Router Completed Successfully

Time (s): cpu = 00:00:12 ; elapsed = 00:00:18 . Memory (MB): peak = 2557.668 ; gain = 1.086

Routing Is Done.
INFO: [Common 17-83] Releasing license: Implementation
111 Infos, 0 Warnings, 1 Critical Warnings and 0 Errors encountered.
route_design completed successfully
route_design: Time (s): cpu = 00:00:13 ; elapsed = 00:00:19 . Memory (MB): peak = 2557.668 ; gain = 1.086
INFO: [Timing 38-480] Writing timing data to binary archive.
Writing XDEF routing.
Writing XDEF routing logical nets.
Writing XDEF routing special nets.
Write XDEF Complete: Time (s): cpu = 00:00:00 ; elapsed = 00:00:00.297 . Memory (MB): peak = 2557.668 ; gain = 0.000
INFO: [Common 17-1381] The checkpoint 'C:/Users/RisingEntropy/Documents/Projects/FPGA/SPI/SPI.runs/impl_1/SignalSplitter_routed.dcp' has been generated.
INFO: [runtcl-4] Executing : report_drc -file SignalSplitter_drc_routed.rpt -pb SignalSplitter_drc_routed.pb -rpx SignalSplitter_drc_routed.rpx
Command: report_drc -file SignalSplitter_drc_routed.rpt -pb SignalSplitter_drc_routed.pb -rpx SignalSplitter_drc_routed.rpx
INFO: [IP_Flow 19-1839] IP Catalog is up to date.
INFO: [DRC 23-27] Running DRC with 2 threads
INFO: [Vivado_Tcl 2-168] The results of DRC are in file C:/Users/RisingEntropy/Documents/Projects/FPGA/SPI/SPI.runs/impl_1/SignalSplitter_drc_routed.rpt.
report_drc completed successfully
INFO: [runtcl-4] Executing : report_methodology -file SignalSplitter_methodology_drc_routed.rpt -pb SignalSplitter_methodology_drc_routed.pb -rpx SignalSplitter_methodology_drc_routed.rpx
Command: report_methodology -file SignalSplitter_methodology_drc_routed.rpt -pb SignalSplitter_methodology_drc_routed.pb -rpx SignalSplitter_methodology_drc_routed.rpx
INFO: [Timing 38-35] Done setting XDC timing constraints.
INFO: [DRC 23-133] Running Methodology with 2 threads
INFO: [Vivado_Tcl 2-1520] The results of Report Methodology are in file C:/Users/RisingEntropy/Documents/Projects/FPGA/SPI/SPI.runs/impl_1/SignalSplitter_methodology_drc_routed.rpt.
report_methodology completed successfully
INFO: [runtcl-4] Executing : report_power -file SignalSplitter_power_routed.rpt -pb SignalSplitter_power_summary_routed.pb -rpx SignalSplitter_power_routed.rpx
Command: report_power -file SignalSplitter_power_routed.rpt -pb SignalSplitter_power_summary_routed.pb -rpx SignalSplitter_power_routed.rpx
INFO: [Timing 38-35] Done setting XDC timing constraints.
Running Vector-less Activity Propagation...

Finished Running Vector-less Activity Propagation
123 Infos, 0 Warnings, 1 Critical Warnings and 0 Errors encountered.
report_power completed successfully
INFO: [runtcl-4] Executing : report_route_status -file SignalSplitter_route_status.rpt -pb SignalSplitter_route_status.pb
INFO: [runtcl-4] Executing : report_timing_summary -max_paths 10 -report_unconstrained -file SignalSplitter_timing_summary_routed.rpt -pb SignalSplitter_timing_summary_routed.pb -rpx SignalSplitter_timing_summary_routed.rpx -warn_on_violation 
INFO: [Timing 38-91] UpdateTimingParams: Speed grade: -2, Delay Type: min_max.
INFO: [Timing 38-191] Multithreading enabled for timing update using a maximum of 2 CPUs
WARNING: [Timing 38-436] There are set_bus_skew constraint(s) in this design. Please run report_bus_skew to ensure that bus skew requirements are met.
INFO: [runtcl-4] Executing : report_incremental_reuse -file SignalSplitter_incremental_reuse_routed.rpt
INFO: [Vivado_Tcl 4-1062] Incremental flow is disabled. No incremental reuse Info to report.
INFO: [runtcl-4] Executing : report_clock_utilization -file SignalSplitter_clock_utilization_routed.rpt
INFO: [runtcl-4] Executing : report_bus_skew -warn_on_violation -file SignalSplitter_bus_skew_routed.rpt -pb SignalSplitter_bus_skew_routed.pb -rpx SignalSplitter_bus_skew_routed.rpx
INFO: [Timing 38-91] UpdateTimingParams: Speed grade: -2, Delay Type: min_max.
INFO: [Timing 38-191] Multithreading enabled for timing update using a maximum of 2 CPUs
Command: write_bitstream -force SignalSplitter.bit -bin_file
Attempting to get a license for feature 'Implementation' and/or device 'xc7k70t'
INFO: [Common 17-349] Got license for feature 'Implementation' and/or device 'xc7k70t'
Running DRC as a precondition to command write_bitstream
INFO: [IP_Flow 19-1839] IP Catalog is up to date.
INFO: [DRC 23-27] Running DRC with 2 threads
WARNING: [DRC PDCN-1569] LUT equation term check: Used physical LUT pin 'A2' of cell dbg_hub/inst/BSCANID.u_xsdbm_id/SWITCH_N_EXT_BSCAN.bscan_switch/temp_curid[31]_i_1 (pin dbg_hub/inst/BSCANID.u_xsdbm_id/SWITCH_N_EXT_BSCAN.bscan_switch/temp_curid[31]_i_1/I0) is not included in the LUT equation: 'O5=(A4*A5)+(A4*(~A5)*(~A1))+((~A4))'. If this cell is a user instantiated LUT in the design, please remove connectivity to the pin or change the equation and/or INIT string of the LUT to prevent this issue. If the cell is inferred or IP created LUT, please regenerate the IP and/or resynthesize the design to attempt to correct the issue.
WARNING: [DRC PDCN-1569] LUT equation term check: Used physical LUT pin 'A3' of cell dbg_hub/inst/BSCANID.u_xsdbm_id/SWITCH_N_EXT_BSCAN.bscan_switch/temp_curid[31]_i_1 (pin dbg_hub/inst/BSCANID.u_xsdbm_id/SWITCH_N_EXT_BSCAN.bscan_switch/temp_curid[31]_i_1/I1) is not included in the LUT equation: 'O5=(A4*A5)+(A4*(~A5)*(~A1))+((~A4))'. If this cell is a user instantiated LUT in the design, please remove connectivity to the pin or change the equation and/or INIT string of the LUT to prevent this issue. If the cell is inferred or IP created LUT, please regenerate the IP and/or resynthesize the design to attempt to correct the issue.
WARNING: [DRC PDCN-1569] LUT equation term check: Used physical LUT pin 'A3' of cell dbg_hub/inst/BSCANID.u_xsdbm_id/SWITCH_N_EXT_BSCAN.id_state[0]_i_1 (pin dbg_hub/inst/BSCANID.u_xsdbm_id/SWITCH_N_EXT_BSCAN.id_state[0]_i_1/I0) is not included in the LUT equation: 'O6=(A6+~A6)*((A2))'. If this cell is a user instantiated LUT in the design, please remove connectivity to the pin or change the equation and/or INIT string of the LUT to prevent this issue. If the cell is inferred or IP created LUT, please regenerate the IP and/or resynthesize the design to attempt to correct the issue.
WARNING: [DRC REQP-1839] RAMB36 async control check: The RAMB36E1 decimator_buffer/fifo/U0/inst_fifo_gen/gconvfifo.rf/grf.rf/gntv_or_sync_fifo.mem/gbm.gbmg.gbmga.ngecc.bmg/inst_blk_mem_gen/gnbram.gnativebmg.native_blk_mem_gen/valid.cstr/ramloop[0].ram.r/prim_noinit.ram/DEVICE_7SERIES.NO_BMM_INFO.SDP.SIMPLE_PRIM36.ram has an input control pin decimator_buffer/fifo/U0/inst_fifo_gen/gconvfifo.rf/grf.rf/gntv_or_sync_fifo.mem/gbm.gbmg.gbmga.ngecc.bmg/inst_blk_mem_gen/gnbram.gnativebmg.native_blk_mem_gen/valid.cstr/ramloop[0].ram.r/prim_noinit.ram/DEVICE_7SERIES.NO_BMM_INFO.SDP.SIMPLE_PRIM36.ram/ENARDEN (net: decimator_buffer/fifo/U0/inst_fifo_gen/gconvfifo.rf/grf.rf/gntv_or_sync_fifo.mem/gbm.gbmg.gbmga.ngecc.bmg/inst_blk_mem_gen/gnbram.gnativebmg.native_blk_mem_gen/valid.cstr/ramloop[0].ram.r/prim_noinit.ram/ram_wr_en) which is driven by a register (decimator_buffer/fifo_wr_en_reg) that has an active asychronous set or reset. This may cause corruption of the memory contents and/or read values when the set/reset is asserted and is not analyzed by the default static timing analysis. It is suggested to eliminate the use of a set/reset to registers driving this RAMB pin or else use a synchronous reset in which the assertion of the reset is timed by default.
WARNING: [DRC REQP-1839] RAMB36 async control check: The RAMB36E1 decimator_buffer/fifo/U0/inst_fifo_gen/gconvfifo.rf/grf.rf/gntv_or_sync_fifo.mem/gbm.gbmg.gbmga.ngecc.bmg/inst_blk_mem_gen/gnbram.gnativebmg.native_blk_mem_gen/valid.cstr/ramloop[0].ram.r/prim_noinit.ram/DEVICE_7SERIES.NO_BMM_INFO.SDP.SIMPLE_PRIM36.ram has an input control pin decimator_buffer/fifo/U0/inst_fifo_gen/gconvfifo.rf/grf.rf/gntv_or_sync_fifo.mem/gbm.gbmg.gbmga.ngecc.bmg/inst_blk_mem_gen/gnbram.gnativebmg.native_blk_mem_gen/valid.cstr/ramloop[0].ram.r/prim_noinit.ram/DEVICE_7SERIES.NO_BMM_INFO.SDP.SIMPLE_PRIM36.ram/ENBWREN (net: decimator_buffer/fifo/U0/inst_fifo_gen/gconvfifo.rf/grf.rf/gntv_or_sync_fifo.mem/gbm.gbmg.gbmga.ngecc.bmg/inst_blk_mem_gen/gnbram.gnativebmg.native_blk_mem_gen/valid.cstr/ramloop[0].ram.r/prim_noinit.ram/tmp_ram_rd_en) which is driven by a register (decimator_buffer/fifo_rd_en_reg) that has an active asychronous set or reset. This may cause corruption of the memory contents and/or read values when the set/reset is asserted and is not analyzed by the default static timing analysis. It is suggested to eliminate the use of a set/reset to registers driving this RAMB pin or else use a synchronous reset in which the assertion of the reset is timed by default.
WARNING: [DRC REQP-1839] RAMB36 async control check: The RAMB36E1 decimator_buffer/fifo/U0/inst_fifo_gen/gconvfifo.rf/grf.rf/gntv_or_sync_fifo.mem/gbm.gbmg.gbmga.ngecc.bmg/inst_blk_mem_gen/gnbram.gnativebmg.native_blk_mem_gen/valid.cstr/ramloop[0].ram.r/prim_noinit.ram/DEVICE_7SERIES.NO_BMM_INFO.SDP.SIMPLE_PRIM36.ram has an input control pin decimator_buffer/fifo/U0/inst_fifo_gen/gconvfifo.rf/grf.rf/gntv_or_sync_fifo.mem/gbm.gbmg.gbmga.ngecc.bmg/inst_blk_mem_gen/gnbram.gnativebmg.native_blk_mem_gen/valid.cstr/ramloop[0].ram.r/prim_noinit.ram/DEVICE_7SERIES.NO_BMM_INFO.SDP.SIMPLE_PRIM36.ram/WEA[0] (net: decimator_buffer/fifo/U0/inst_fifo_gen/gconvfifo.rf/grf.rf/gntv_or_sync_fifo.mem/gbm.gbmg.gbmga.ngecc.bmg/inst_blk_mem_gen/gnbram.gnativebmg.native_blk_mem_gen/valid.cstr/ramloop[0].ram.r/prim_noinit.ram/ram_wr_en) which is driven by a register (decimator_buffer/fifo_wr_en_reg) that has an active asychronous set or reset. This may cause corruption of the memory contents and/or read values when the set/reset is asserted and is not analyzed by the default static timing analysis. It is suggested to eliminate the use of a set/reset to registers driving this RAMB pin or else use a synchronous reset in which the assertion of the reset is timed by default.
WARNING: [DRC REQP-1839] RAMB36 async control check: The RAMB36E1 decimator_buffer/fifo/U0/inst_fifo_gen/gconvfifo.rf/grf.rf/gntv_or_sync_fifo.mem/gbm.gbmg.gbmga.ngecc.bmg/inst_blk_mem_gen/gnbram.gnativebmg.native_blk_mem_gen/valid.cstr/ramloop[1].ram.r/prim_noinit.ram/DEVICE_7SERIES.NO_BMM_INFO.SDP.SIMPLE_PRIM36.ram has an input control pin decimator_buffer/fifo/U0/inst_fifo_gen/gconvfifo.rf/grf.rf/gntv_or_sync_fifo.mem/gbm.gbmg.gbmga.ngecc.bmg/inst_blk_mem_gen/gnbram.gnativebmg.native_blk_mem_gen/valid.cstr/ramloop[1].ram.r/prim_noinit.ram/DEVICE_7SERIES.NO_BMM_INFO.SDP.SIMPLE_PRIM36.ram/ENARDEN (net: decimator_buffer/fifo/U0/inst_fifo_gen/gconvfifo.rf/grf.rf/gntv_or_sync_fifo.mem/gbm.gbmg.gbmga.ngecc.bmg/inst_blk_mem_gen/gnbram.gnativebmg.native_blk_mem_gen/valid.cstr/ramloop[1].ram.r/prim_noinit.ram/ram_wr_en) which is driven by a register (decimator_buffer/fifo_wr_en_reg) that has an active asychronous set or reset. This may cause corruption of the memory contents and/or read values when the set/reset is asserted and is not analyzed by the default static timing analysis. It is suggested to eliminate the use of a set/reset to registers driving this RAMB pin or else use a synchronous reset in which the assertion of the reset is timed by default.
WARNING: [DRC REQP-1839] RAMB36 async control check: The RAMB36E1 decimator_buffer/fifo/U0/inst_fifo_gen/gconvfifo.rf/grf.rf/gntv_or_sync_fifo.mem/gbm.gbmg.gbmga.ngecc.bmg/inst_blk_mem_gen/gnbram.gnativebmg.native_blk_mem_gen/valid.cstr/ramloop[1].ram.r/prim_noinit.ram/DEVICE_7SERIES.NO_BMM_INFO.SDP.SIMPLE_PRIM36.ram has an input control pin decimator_buffer/fifo/U0/inst_fifo_gen/gconvfifo.rf/grf.rf/gntv_or_sync_fifo.mem/gbm.gbmg.gbmga.ngecc.bmg/inst_blk_mem_gen/gnbram.gnativebmg.native_blk_mem_gen/valid.cstr/ramloop[1].ram.r/prim_noinit.ram/DEVICE_7SERIES.NO_BMM_INFO.SDP.SIMPLE_PRIM36.ram/ENBWREN (net: decimator_buffer/fifo/U0/inst_fifo_gen/gconvfifo.rf/grf.rf/gntv_or_sync_fifo.mem/gbm.gbmg.gbmga.ngecc.bmg/inst_blk_mem_gen/gnbram.gnativebmg.native_blk_mem_gen/valid.cstr/ramloop[1].ram.r/prim_noinit.ram/tmp_ram_rd_en) which is driven by a register (decimator_buffer/fifo_rd_en_reg) that has an active asychronous set or reset. This may cause corruption of the memory contents and/or read values when the set/reset is asserted and is not analyzed by the default static timing analysis. It is suggested to eliminate the use of a set/reset to registers driving this RAMB pin or else use a synchronous reset in which the assertion of the reset is timed by default.
WARNING: [DRC REQP-1839] RAMB36 async control check: The RAMB36E1 decimator_buffer/fifo/U0/inst_fifo_gen/gconvfifo.rf/grf.rf/gntv_or_sync_fifo.mem/gbm.gbmg.gbmga.ngecc.bmg/inst_blk_mem_gen/gnbram.gnativebmg.native_blk_mem_gen/valid.cstr/ramloop[1].ram.r/prim_noinit.ram/DEVICE_7SERIES.NO_BMM_INFO.SDP.SIMPLE_PRIM36.ram has an input control pin decimator_buffer/fifo/U0/inst_fifo_gen/gconvfifo.rf/grf.rf/gntv_or_sync_fifo.mem/gbm.gbmg.gbmga.ngecc.bmg/inst_blk_mem_gen/gnbram.gnativebmg.native_blk_mem_gen/valid.cstr/ramloop[1].ram.r/prim_noinit.ram/DEVICE_7SERIES.NO_BMM_INFO.SDP.SIMPLE_PRIM36.ram/WEA[0] (net: decimator_buffer/fifo/U0/inst_fifo_gen/gconvfifo.rf/grf.rf/gntv_or_sync_fifo.mem/gbm.gbmg.gbmga.ngecc.bmg/inst_blk_mem_gen/gnbram.gnativebmg.native_blk_mem_gen/valid.cstr/ramloop[1].ram.r/prim_noinit.ram/ram_wr_en) which is driven by a register (decimator_buffer/fifo_wr_en_reg) that has an active asychronous set or reset. This may cause corruption of the memory contents and/or read values when the set/reset is asserted and is not analyzed by the default static timing analysis. It is suggested to eliminate the use of a set/reset to registers driving this RAMB pin or else use a synchronous reset in which the assertion of the reset is timed by default.
WARNING: [DRC RTSTAT-10] No routable loads: 27 net(s) have no routable loads. The problem bus(es) and/or net(s) are dbg_hub/inst/BSCANID.u_xsdbm_id/SWITCH_N_EXT_BSCAN.bscan_inst/TMS, dbg_hub/inst/BSCANID.u_xsdbm_id/CORE_XSDB.UUT_MASTER/U_ICON_INTERFACE/U_CMD6_RD/U_RD_FIFO/SUBCORE_FIFO.xsdbm_v3_0_0_rdfifo_inst/inst_fifo_gen/gconvfifo.rf/grf.rf/gntv_or_sync_fifo.gl0.rd/gr1.gr1_int.rfwft/aempty_fwft_i, dbg_hub/inst/BSCANID.u_xsdbm_id/CORE_XSDB.UUT_MASTER/U_ICON_INTERFACE/U_CMD7_CTL/ctl_reg[2:0], dbg_hub/inst/BSCANID.u_xsdbm_id/CORE_XSDB.UUT_MASTER/U_ICON_INTERFACE/U_CMD1/ctl_reg_en_2[1], dbg_hub/inst/BSCANID.u_xsdbm_id/CORE_XSDB.UUT_MASTER/U_ICON_INTERFACE/U_CMD7_CTL/ctl_reg_en_2[1], dbg_hub/inst/BSCANID.u_xsdbm_id/SWITCH_N_EXT_BSCAN.bscan_switch/m_bscan_capture[0], dbg_hub/inst/BSCANID.u_xsdbm_id/SWITCH_N_EXT_BSCAN.bscan_switch/m_bscan_drck[0], dbg_hub/inst/BSCANID.u_xsdbm_id/SWITCH_N_EXT_BSCAN.bscan_switch/m_bscan_runtest[0], dbg_hub/inst/BSCANID.u_xsdbm_id/CORE_XSDB.UUT_MASTER/U_ICON_INTERFACE/U_CMD6_WR/U_WR_FIFO/SUBCORE_FIFO.xsdbm_v3_0_0_wrfifo_inst/inst_fifo_gen/gconvfifo.rf/grf.rf/rstblk/ngwrdrst.grst.rd_rst_reg[0], dbg_hub/inst/BSCANID.u_xsdbm_id/CORE_XSDB.UUT_MASTER/U_ICON_INTERFACE/U_CMD6_WR/U_WR_FIFO/SUBCORE_FIFO.xsdbm_v3_0_0_wrfifo_inst/inst_fifo_gen/gconvfifo.rf/grf.rf/rstblk/ngwrdrst.grst.wr_rst_reg[2], dbg_hub/inst/BSCANID.u_xsdbm_id/CORE_XSDB.UUT_MASTER/U_ICON_INTERFACE/U_CMD6_RD/U_RD_FIFO/SUBCORE_FIFO.xsdbm_v3_0_0_rdfifo_inst/inst_fifo_gen/gconvfifo.rf/grf.rf/rstblk/ngwrdrst.grst.wr_rst_reg[2], dbg_hub/inst/BSCANID.u_xsdbm_id/CORE_XSDB.UUT_MASTER/U_ICON_INTERFACE/U_CMD6_RD/U_RD_FIFO/SUBCORE_FIFO.xsdbm_v3_0_0_rdfifo_inst/inst_fifo_gen/gconvfifo.rf/grf.rf/gntv_or_sync_fifo.gl0.wr/gwhf.whf/overflow, dbg_hub/inst/BSCANID.u_xsdbm_id/CORE_XSDB.UUT_MASTER/U_ICON_INTERFACE/U_CMD6_WR/U_WR_FIFO/SUBCORE_FIFO.xsdbm_v3_0_0_wrfifo_inst/inst_fifo_gen/gconvfifo.rf/grf.rf/gntv_or_sync_fifo.gl0.wr/gwhf.whf/overflow, decimator_buffer/fifo/U0/inst_fifo_gen/gconvfifo.rf/grf.rf/gntv_or_sync_fifo.gl0.wr/gwss.wsts/ram_afull_fb, dbg_hub/inst/BSCANID.u_xsdbm_id/CORE_XSDB.UUT_MASTER/U_ICON_INTERFACE/U_CMD6_RD/U_RD_FIFO/SUBCORE_FIFO.xsdbm_v3_0_0_rdfifo_inst/inst_fifo_gen/gconvfifo.rf/grf.rf/gntv_or_sync_fifo.gl0.rd/gras.rsts/ram_empty_i... and (the first 15 of 25 listed).
INFO: [Vivado 12-3199] DRC finished with 0 Errors, 10 Warnings
INFO: [Vivado 12-3200] Please refer to the DRC report (report_drc) for more information.
INFO: [Designutils 20-2272] Running write_bitstream with 2 threads.
Loading data files...
Loading site data...
Loading route data...
Processing options...
Creating bitmap...
Creating bitstream...
Bitstream compression saved 12790048 bits.
Writing bitstream ./SignalSplitter.bit...
Writing bitstream ./SignalSplitter.bin...
INFO: [Vivado 12-1842] Bitgen Completed Successfully.
INFO: [Project 1-1876] WebTalk data collection is mandatory when using a ULT device. To see the specific WebTalk data collected for your design, open the usage_statistics_webtalk.html or usage_statistics_webtalk.xml file in the implementation directory.
INFO: [Common 17-83] Releasing license: Implementation
12 Infos, 10 Warnings, 0 Critical Warnings and 0 Errors encountered.
write_bitstream completed successfully
write_bitstream: Time (s): cpu = 00:00:08 ; elapsed = 00:00:12 . Memory (MB): peak = 2996.430 ; gain = 438.762
INFO: [Common 17-206] Exiting Vivado at Thu Aug  3 22:08:44 2023...
